{
  "stats": {
    "suites": 5,
    "tests": 12,
    "passes": 0,
    "pending": 0,
    "failures": 0,
    "start": "2022-12-03T16:40:38.088Z",
    "end": "2022-12-03T17:00:13.827Z",
    "duration": 0,
    "testsRegistered": 12,
    "passPercent": 0,
    "pendingPercent": 0,
    "other": 0,
    "hasOther": false,
    "skipped": 12,
    "hasSkipped": true
  },
  "results": [
    {
      "uuid": "2f6afa48-3990-4f87-8eb0-8dd46fc22eef",
      "title": "",
      "fullFile": "cypress\\e2e\\test\\login.cy.js",
      "file": "cypress\\e2e\\test\\login.cy.js",
      "beforeHooks": [],
      "afterHooks": [],
      "tests": [],
      "suites": [
        {
          "uuid": "d8199b25-cb61-4f74-a91c-2134bc75c858",
          "title": "login",
          "fullFile": "",
          "file": "",
          "beforeHooks": [],
          "afterHooks": [],
          "tests": [
            {
              "title": "Should login with valid credentials",
              "fullTitle": "login Should login with valid credentials",
              "timedOut": null,
              "duration": 0,
              "state": "pending",
              "speed": null,
              "pass": false,
              "fail": false,
              "pending": false,
              "context": null,
              "code": "_login.default.login('Sam@gmail.com', 'Password@1');\ncy.get('.chakra-heading.css-kmq9po').should('be.visible');",
              "err": {},
              "uuid": "c25232e5-0ac4-46d0-b8d6-10b61920805a",
              "parentUUID": "d8199b25-cb61-4f74-a91c-2134bc75c858",
              "isHook": false,
              "skipped": true
            },
            {
              "title": "Should login with valid credentials",
              "fullTitle": "login Should login with valid credentials",
              "timedOut": null,
              "duration": 0,
              "state": "pending",
              "speed": null,
              "pass": false,
              "fail": false,
              "pending": false,
              "context": null,
              "code": "_login.default.loginIncorrectPassword('Sam@gmail.com', 'Password');\ncy.get('[class=\"auth0-global-message auth0-global-message-error\"]').should('be.visible');",
              "err": {},
              "uuid": "95d0d39b-800c-46d3-874d-27698dfa9f80",
              "parentUUID": "d8199b25-cb61-4f74-a91c-2134bc75c858",
              "isHook": false,
              "skipped": true
            }
          ],
          "suites": [],
          "passes": [],
          "failures": [],
          "pending": [],
          "skipped": [
            "c25232e5-0ac4-46d0-b8d6-10b61920805a",
            "95d0d39b-800c-46d3-874d-27698dfa9f80"
          ],
          "duration": 0,
          "root": false,
          "rootEmpty": false,
          "_timeout": 2000
        }
      ],
      "passes": [],
      "failures": [],
      "pending": [],
      "skipped": [],
      "duration": 0,
      "root": true,
      "rootEmpty": true,
      "_timeout": 2000
    },
    {
      "uuid": "9cd38c36-f36f-4bfb-9a1c-fd372a402e4b",
      "title": "",
      "fullFile": "cypress\\e2e\\test\\login.cy.js",
      "file": "cypress\\e2e\\test\\login.cy.js",
      "beforeHooks": [],
      "afterHooks": [],
      "tests": [],
      "suites": [
        {
          "uuid": "c57b9e7b-488d-4891-bee1-ecf2ac66a34b",
          "title": "login",
          "fullFile": "",
          "file": "",
          "beforeHooks": [],
          "afterHooks": [],
          "tests": [
            {
              "title": "Should login with valid credentials",
              "fullTitle": "login Should login with valid credentials",
              "timedOut": null,
              "duration": 0,
              "state": "pending",
              "speed": null,
              "pass": false,
              "fail": false,
              "pending": false,
              "context": null,
              "code": "_login.default.login('Sam@gmail.com', 'Password@1');\ncy.get('.chakra-heading.css-kmq9po').should('be.visible');",
              "err": {},
              "uuid": "07f9807b-2289-4149-bba0-ec9db79207f7",
              "parentUUID": "c57b9e7b-488d-4891-bee1-ecf2ac66a34b",
              "isHook": false,
              "skipped": true
            },
            {
              "title": "Should not login with invalid password",
              "fullTitle": "login Should not login with invalid password",
              "timedOut": null,
              "duration": 0,
              "state": "pending",
              "speed": null,
              "pass": false,
              "fail": false,
              "pending": false,
              "context": null,
              "code": "_login.default.loginIncorrectPassword('Sam@gmail.com', 'Password');\ncy.get('[class=\"auth0-global-message auth0-global-message-error\"]').should('be.visible');",
              "err": {},
              "uuid": "1e8d1aa1-e59b-4acb-a8c8-fd3ec19ac38b",
              "parentUUID": "c57b9e7b-488d-4891-bee1-ecf2ac66a34b",
              "isHook": false,
              "skipped": true
            }
          ],
          "suites": [],
          "passes": [],
          "failures": [],
          "pending": [],
          "skipped": [
            "07f9807b-2289-4149-bba0-ec9db79207f7",
            "1e8d1aa1-e59b-4acb-a8c8-fd3ec19ac38b"
          ],
          "duration": 0,
          "root": false,
          "rootEmpty": false,
          "_timeout": 2000
        }
      ],
      "passes": [],
      "failures": [],
      "pending": [],
      "skipped": [],
      "duration": 0,
      "root": true,
      "rootEmpty": true,
      "_timeout": 2000
    },
    {
      "uuid": "77d9f23c-4b13-4a4e-9685-3d0ae685c27a",
      "title": "",
      "fullFile": "cypress\\e2e\\test\\login.cy.js",
      "file": "cypress\\e2e\\test\\login.cy.js",
      "beforeHooks": [],
      "afterHooks": [],
      "tests": [],
      "suites": [
        {
          "uuid": "d030442b-4550-4966-b687-69dafb9ad48e",
          "title": "login",
          "fullFile": "",
          "file": "",
          "beforeHooks": [],
          "afterHooks": [],
          "tests": [
            {
              "title": "Should login with valid credentials",
              "fullTitle": "login Should login with valid credentials",
              "timedOut": null,
              "duration": 0,
              "state": "pending",
              "speed": null,
              "pass": false,
              "fail": false,
              "pending": false,
              "context": null,
              "code": "_login.default.login('Sam@gmail.com', 'Password@1');\ncy.get('.chakra-heading.css-kmq9po').should('be.visible');",
              "err": {},
              "uuid": "16c6de33-58ad-456c-9ab5-b5888f28def1",
              "parentUUID": "d030442b-4550-4966-b687-69dafb9ad48e",
              "isHook": false,
              "skipped": true
            },
            {
              "title": "Should not login with invalid password",
              "fullTitle": "login Should not login with invalid password",
              "timedOut": null,
              "duration": 0,
              "state": "pending",
              "speed": null,
              "pass": false,
              "fail": false,
              "pending": false,
              "context": null,
              "code": "_login.default.loginIncorrectPassword('Sam@gmail.com', 'Password');\ncy.get('[class=\"auth0-global-message auth0-global-message-error\"]').should('be.visible');",
              "err": {},
              "uuid": "12f36847-1530-4385-a0e1-0da42dbb0f58",
              "parentUUID": "d030442b-4550-4966-b687-69dafb9ad48e",
              "isHook": false,
              "skipped": true
            },
            {
              "title": "Should not login with invalid email",
              "fullTitle": "login Should not login with invalid email",
              "timedOut": null,
              "duration": 0,
              "state": "pending",
              "speed": null,
              "pass": false,
              "fail": false,
              "pending": false,
              "context": null,
              "code": "_login.default.loginIncorrectEmail('Sa@gmail.com', 'Password@1');\ncy.get('[class=\"auth0-global-message auth0-global-message-error\"]').should('be.visible');",
              "err": {},
              "uuid": "0a85cc54-6764-4812-ba62-602c425e510a",
              "parentUUID": "d030442b-4550-4966-b687-69dafb9ad48e",
              "isHook": false,
              "skipped": true
            }
          ],
          "suites": [],
          "passes": [],
          "failures": [],
          "pending": [],
          "skipped": [
            "16c6de33-58ad-456c-9ab5-b5888f28def1",
            "12f36847-1530-4385-a0e1-0da42dbb0f58",
            "0a85cc54-6764-4812-ba62-602c425e510a"
          ],
          "duration": 0,
          "root": false,
          "rootEmpty": false,
          "_timeout": 2000
        }
      ],
      "passes": [],
      "failures": [],
      "pending": [],
      "skipped": [],
      "duration": 0,
      "root": true,
      "rootEmpty": true,
      "_timeout": 2000
    },
    {
      "uuid": "f63e26dc-b757-4afe-8d59-2ed5900c0500",
      "title": "",
      "fullFile": "cypress\\e2e\\test\\login.cy.js",
      "file": "cypress\\e2e\\test\\login.cy.js",
      "beforeHooks": [],
      "afterHooks": [],
      "tests": [],
      "suites": [
        {
          "uuid": "c3509249-7575-457a-905a-36bda17c88b2",
          "title": "login",
          "fullFile": "",
          "file": "",
          "beforeHooks": [],
          "afterHooks": [],
          "tests": [
            {
              "title": "Should login with valid credentials",
              "fullTitle": "login Should login with valid credentials",
              "timedOut": null,
              "duration": 0,
              "state": "pending",
              "speed": null,
              "pass": false,
              "fail": false,
              "pending": false,
              "context": null,
              "code": "_login.default.login('Sam@gmail.com', 'Password@1');\ncy.get('.chakra-heading.css-kmq9po').should('be.visible');",
              "err": {},
              "uuid": "9b374a79-b8ef-441a-a457-67c4a94b9361",
              "parentUUID": "c3509249-7575-457a-905a-36bda17c88b2",
              "isHook": false,
              "skipped": true
            },
            {
              "title": "Should not login with invalid password",
              "fullTitle": "login Should not login with invalid password",
              "timedOut": null,
              "duration": 0,
              "state": "pending",
              "speed": null,
              "pass": false,
              "fail": false,
              "pending": false,
              "context": null,
              "code": "_login.default.loginIncorrectPassword('Sam@gmail.com', 'Password');\ncy.get('[class=\"auth0-global-message auth0-global-message-error\"]').should('be.visible');",
              "err": {},
              "uuid": "89983824-1cb4-4ca7-89bd-ebce6ad2db5a",
              "parentUUID": "c3509249-7575-457a-905a-36bda17c88b2",
              "isHook": false,
              "skipped": true
            },
            {
              "title": "Should not login with invalid email",
              "fullTitle": "login Should not login with invalid email",
              "timedOut": null,
              "duration": 0,
              "state": "pending",
              "speed": null,
              "pass": false,
              "fail": false,
              "pending": false,
              "context": null,
              "code": "_login.default.loginIncorrectEmail('Sa@gmail.com', 'Password@1');\ncy.get('[class=\"auth0-global-message auth0-global-message-error\"]').should('be.visible');",
              "err": {},
              "uuid": "d6e66165-0029-4057-9bdd-a4b0f03b3a62",
              "parentUUID": "c3509249-7575-457a-905a-36bda17c88b2",
              "isHook": false,
              "skipped": true
            },
            {
              "title": "Should not login with invalid email and password",
              "fullTitle": "login Should not login with invalid email and password",
              "timedOut": null,
              "duration": 0,
              "state": "pending",
              "speed": null,
              "pass": false,
              "fail": false,
              "pending": false,
              "context": null,
              "code": "_login.default.loginIncorrectEmailPassword('Sa@gmail.com', 'Password');\ncy.get('[class=\"auth0-global-message auth0-global-message-error\"]').should('be.visible');",
              "err": {},
              "uuid": "148e5a40-8ccf-4032-b88c-ece68d9dfed4",
              "parentUUID": "c3509249-7575-457a-905a-36bda17c88b2",
              "isHook": false,
              "skipped": true
            }
          ],
          "suites": [],
          "passes": [],
          "failures": [],
          "pending": [],
          "skipped": [
            "9b374a79-b8ef-441a-a457-67c4a94b9361",
            "89983824-1cb4-4ca7-89bd-ebce6ad2db5a",
            "d6e66165-0029-4057-9bdd-a4b0f03b3a62",
            "148e5a40-8ccf-4032-b88c-ece68d9dfed4"
          ],
          "duration": 0,
          "root": false,
          "rootEmpty": false,
          "_timeout": 2000
        }
      ],
      "passes": [],
      "failures": [],
      "pending": [],
      "skipped": [],
      "duration": 0,
      "root": true,
      "rootEmpty": true,
      "_timeout": 2000
    },
    {
      "uuid": "368a627c-dfbe-49e2-b074-2bcd13b634b6",
      "title": "",
      "fullFile": "cypress\\e2e\\test\\login.cy.js",
      "file": "cypress\\e2e\\test\\login.cy.js",
      "beforeHooks": [],
      "afterHooks": [],
      "tests": [],
      "suites": [
        {
          "uuid": "5efb9a8b-5c4f-43ac-989e-4608e02368dd",
          "title": "login",
          "fullFile": "",
          "file": "",
          "beforeHooks": [],
          "afterHooks": [],
          "tests": [
            {
              "title": "Should login with valid credentials",
              "fullTitle": "login Should login with valid credentials",
              "timedOut": null,
              "duration": 0,
              "state": "pending",
              "speed": null,
              "pass": false,
              "fail": false,
              "pending": false,
              "context": null,
              "code": "_login.default.login('Sam@gmail.com', 'Password@1');\ncy.get('.chakra-heading.css-kmq9po').should('be.visible');",
              "err": {},
              "uuid": "d25b4a8a-379a-40eb-b3b5-3c2836ef5129",
              "parentUUID": "5efb9a8b-5c4f-43ac-989e-4608e02368dd",
              "isHook": false,
              "skipped": true
            }
          ],
          "suites": [],
          "passes": [],
          "failures": [],
          "pending": [],
          "skipped": [
            "d25b4a8a-379a-40eb-b3b5-3c2836ef5129"
          ],
          "duration": 0,
          "root": false,
          "rootEmpty": false,
          "_timeout": 2000
        }
      ],
      "passes": [],
      "failures": [],
      "pending": [],
      "skipped": [],
      "duration": 0,
      "root": true,
      "rootEmpty": true,
      "_timeout": 2000
    }
  ],
  "meta": {
    "mocha": {
      "version": "7.0.1"
    },
    "mochawesome": {
      "options": {
        "quiet": false,
        "reportFilename": "mochawesome",
        "saveHtml": false,
        "saveJson": true,
        "consoleReporter": "spec",
        "useInlineDiffs": false,
        "code": true
      },
      "version": "7.1.3"
    },
    "marge": {
      "options": {
        "reportDir": "cypress/reports",
        "overwrite": false,
        "html": false,
        "json": true
      },
      "version": "6.2.0"
    }
  }
}