{
  "stats": {
    "suites": 17,
    "tests": 42,
    "passes": 0,
    "pending": 0,
    "failures": 6,
    "start": "2022-12-03T16:40:38.088Z",
    "end": "2022-12-04T16:04:23.047Z",
    "duration": 36538,
    "testsRegistered": 42,
    "passPercent": 0,
    "pendingPercent": 0,
    "other": 0,
    "hasOther": false,
    "skipped": 36,
    "hasSkipped": true
  },
  "results": [
    {
      "uuid": "2f6afa48-3990-4f87-8eb0-8dd46fc22eef",
      "title": "",
      "fullFile": "cypress\\e2e\\test\\login.cy.js",
      "file": "cypress\\e2e\\test\\login.cy.js",
      "beforeHooks": [],
      "afterHooks": [],
      "tests": [],
      "suites": [
        {
          "uuid": "d8199b25-cb61-4f74-a91c-2134bc75c858",
          "title": "login",
          "fullFile": "",
          "file": "",
          "beforeHooks": [],
          "afterHooks": [],
          "tests": [
            {
              "title": "Should login with valid credentials",
              "fullTitle": "login Should login with valid credentials",
              "timedOut": null,
              "duration": 0,
              "state": "pending",
              "speed": null,
              "pass": false,
              "fail": false,
              "pending": false,
              "context": null,
              "code": "_login.default.login('Sam@gmail.com', 'Password@1');\ncy.get('.chakra-heading.css-kmq9po').should('be.visible');",
              "err": {},
              "uuid": "c25232e5-0ac4-46d0-b8d6-10b61920805a",
              "parentUUID": "d8199b25-cb61-4f74-a91c-2134bc75c858",
              "isHook": false,
              "skipped": true
            },
            {
              "title": "Should login with valid credentials",
              "fullTitle": "login Should login with valid credentials",
              "timedOut": null,
              "duration": 0,
              "state": "pending",
              "speed": null,
              "pass": false,
              "fail": false,
              "pending": false,
              "context": null,
              "code": "_login.default.loginIncorrectPassword('Sam@gmail.com', 'Password');\ncy.get('[class=\"auth0-global-message auth0-global-message-error\"]').should('be.visible');",
              "err": {},
              "uuid": "95d0d39b-800c-46d3-874d-27698dfa9f80",
              "parentUUID": "d8199b25-cb61-4f74-a91c-2134bc75c858",
              "isHook": false,
              "skipped": true
            }
          ],
          "suites": [],
          "passes": [],
          "failures": [],
          "pending": [],
          "skipped": [
            "c25232e5-0ac4-46d0-b8d6-10b61920805a",
            "95d0d39b-800c-46d3-874d-27698dfa9f80"
          ],
          "duration": 0,
          "root": false,
          "rootEmpty": false,
          "_timeout": 2000
        }
      ],
      "passes": [],
      "failures": [],
      "pending": [],
      "skipped": [],
      "duration": 0,
      "root": true,
      "rootEmpty": true,
      "_timeout": 2000
    },
    {
      "uuid": "9cd38c36-f36f-4bfb-9a1c-fd372a402e4b",
      "title": "",
      "fullFile": "cypress\\e2e\\test\\login.cy.js",
      "file": "cypress\\e2e\\test\\login.cy.js",
      "beforeHooks": [],
      "afterHooks": [],
      "tests": [],
      "suites": [
        {
          "uuid": "c57b9e7b-488d-4891-bee1-ecf2ac66a34b",
          "title": "login",
          "fullFile": "",
          "file": "",
          "beforeHooks": [],
          "afterHooks": [],
          "tests": [
            {
              "title": "Should login with valid credentials",
              "fullTitle": "login Should login with valid credentials",
              "timedOut": null,
              "duration": 0,
              "state": "pending",
              "speed": null,
              "pass": false,
              "fail": false,
              "pending": false,
              "context": null,
              "code": "_login.default.login('Sam@gmail.com', 'Password@1');\ncy.get('.chakra-heading.css-kmq9po').should('be.visible');",
              "err": {},
              "uuid": "07f9807b-2289-4149-bba0-ec9db79207f7",
              "parentUUID": "c57b9e7b-488d-4891-bee1-ecf2ac66a34b",
              "isHook": false,
              "skipped": true
            },
            {
              "title": "Should not login with invalid password",
              "fullTitle": "login Should not login with invalid password",
              "timedOut": null,
              "duration": 0,
              "state": "pending",
              "speed": null,
              "pass": false,
              "fail": false,
              "pending": false,
              "context": null,
              "code": "_login.default.loginIncorrectPassword('Sam@gmail.com', 'Password');\ncy.get('[class=\"auth0-global-message auth0-global-message-error\"]').should('be.visible');",
              "err": {},
              "uuid": "1e8d1aa1-e59b-4acb-a8c8-fd3ec19ac38b",
              "parentUUID": "c57b9e7b-488d-4891-bee1-ecf2ac66a34b",
              "isHook": false,
              "skipped": true
            }
          ],
          "suites": [],
          "passes": [],
          "failures": [],
          "pending": [],
          "skipped": [
            "07f9807b-2289-4149-bba0-ec9db79207f7",
            "1e8d1aa1-e59b-4acb-a8c8-fd3ec19ac38b"
          ],
          "duration": 0,
          "root": false,
          "rootEmpty": false,
          "_timeout": 2000
        }
      ],
      "passes": [],
      "failures": [],
      "pending": [],
      "skipped": [],
      "duration": 0,
      "root": true,
      "rootEmpty": true,
      "_timeout": 2000
    },
    {
      "uuid": "77d9f23c-4b13-4a4e-9685-3d0ae685c27a",
      "title": "",
      "fullFile": "cypress\\e2e\\test\\login.cy.js",
      "file": "cypress\\e2e\\test\\login.cy.js",
      "beforeHooks": [],
      "afterHooks": [],
      "tests": [],
      "suites": [
        {
          "uuid": "d030442b-4550-4966-b687-69dafb9ad48e",
          "title": "login",
          "fullFile": "",
          "file": "",
          "beforeHooks": [],
          "afterHooks": [],
          "tests": [
            {
              "title": "Should login with valid credentials",
              "fullTitle": "login Should login with valid credentials",
              "timedOut": null,
              "duration": 0,
              "state": "pending",
              "speed": null,
              "pass": false,
              "fail": false,
              "pending": false,
              "context": null,
              "code": "_login.default.login('Sam@gmail.com', 'Password@1');\ncy.get('.chakra-heading.css-kmq9po').should('be.visible');",
              "err": {},
              "uuid": "16c6de33-58ad-456c-9ab5-b5888f28def1",
              "parentUUID": "d030442b-4550-4966-b687-69dafb9ad48e",
              "isHook": false,
              "skipped": true
            },
            {
              "title": "Should not login with invalid password",
              "fullTitle": "login Should not login with invalid password",
              "timedOut": null,
              "duration": 0,
              "state": "pending",
              "speed": null,
              "pass": false,
              "fail": false,
              "pending": false,
              "context": null,
              "code": "_login.default.loginIncorrectPassword('Sam@gmail.com', 'Password');\ncy.get('[class=\"auth0-global-message auth0-global-message-error\"]').should('be.visible');",
              "err": {},
              "uuid": "12f36847-1530-4385-a0e1-0da42dbb0f58",
              "parentUUID": "d030442b-4550-4966-b687-69dafb9ad48e",
              "isHook": false,
              "skipped": true
            },
            {
              "title": "Should not login with invalid email",
              "fullTitle": "login Should not login with invalid email",
              "timedOut": null,
              "duration": 0,
              "state": "pending",
              "speed": null,
              "pass": false,
              "fail": false,
              "pending": false,
              "context": null,
              "code": "_login.default.loginIncorrectEmail('Sa@gmail.com', 'Password@1');\ncy.get('[class=\"auth0-global-message auth0-global-message-error\"]').should('be.visible');",
              "err": {},
              "uuid": "0a85cc54-6764-4812-ba62-602c425e510a",
              "parentUUID": "d030442b-4550-4966-b687-69dafb9ad48e",
              "isHook": false,
              "skipped": true
            }
          ],
          "suites": [],
          "passes": [],
          "failures": [],
          "pending": [],
          "skipped": [
            "16c6de33-58ad-456c-9ab5-b5888f28def1",
            "12f36847-1530-4385-a0e1-0da42dbb0f58",
            "0a85cc54-6764-4812-ba62-602c425e510a"
          ],
          "duration": 0,
          "root": false,
          "rootEmpty": false,
          "_timeout": 2000
        }
      ],
      "passes": [],
      "failures": [],
      "pending": [],
      "skipped": [],
      "duration": 0,
      "root": true,
      "rootEmpty": true,
      "_timeout": 2000
    },
    {
      "uuid": "f63e26dc-b757-4afe-8d59-2ed5900c0500",
      "title": "",
      "fullFile": "cypress\\e2e\\test\\login.cy.js",
      "file": "cypress\\e2e\\test\\login.cy.js",
      "beforeHooks": [],
      "afterHooks": [],
      "tests": [],
      "suites": [
        {
          "uuid": "c3509249-7575-457a-905a-36bda17c88b2",
          "title": "login",
          "fullFile": "",
          "file": "",
          "beforeHooks": [],
          "afterHooks": [],
          "tests": [
            {
              "title": "Should login with valid credentials",
              "fullTitle": "login Should login with valid credentials",
              "timedOut": null,
              "duration": 0,
              "state": "pending",
              "speed": null,
              "pass": false,
              "fail": false,
              "pending": false,
              "context": null,
              "code": "_login.default.login('Sam@gmail.com', 'Password@1');\ncy.get('.chakra-heading.css-kmq9po').should('be.visible');",
              "err": {},
              "uuid": "9b374a79-b8ef-441a-a457-67c4a94b9361",
              "parentUUID": "c3509249-7575-457a-905a-36bda17c88b2",
              "isHook": false,
              "skipped": true
            },
            {
              "title": "Should not login with invalid password",
              "fullTitle": "login Should not login with invalid password",
              "timedOut": null,
              "duration": 0,
              "state": "pending",
              "speed": null,
              "pass": false,
              "fail": false,
              "pending": false,
              "context": null,
              "code": "_login.default.loginIncorrectPassword('Sam@gmail.com', 'Password');\ncy.get('[class=\"auth0-global-message auth0-global-message-error\"]').should('be.visible');",
              "err": {},
              "uuid": "89983824-1cb4-4ca7-89bd-ebce6ad2db5a",
              "parentUUID": "c3509249-7575-457a-905a-36bda17c88b2",
              "isHook": false,
              "skipped": true
            },
            {
              "title": "Should not login with invalid email",
              "fullTitle": "login Should not login with invalid email",
              "timedOut": null,
              "duration": 0,
              "state": "pending",
              "speed": null,
              "pass": false,
              "fail": false,
              "pending": false,
              "context": null,
              "code": "_login.default.loginIncorrectEmail('Sa@gmail.com', 'Password@1');\ncy.get('[class=\"auth0-global-message auth0-global-message-error\"]').should('be.visible');",
              "err": {},
              "uuid": "d6e66165-0029-4057-9bdd-a4b0f03b3a62",
              "parentUUID": "c3509249-7575-457a-905a-36bda17c88b2",
              "isHook": false,
              "skipped": true
            },
            {
              "title": "Should not login with invalid email and password",
              "fullTitle": "login Should not login with invalid email and password",
              "timedOut": null,
              "duration": 0,
              "state": "pending",
              "speed": null,
              "pass": false,
              "fail": false,
              "pending": false,
              "context": null,
              "code": "_login.default.loginIncorrectEmailPassword('Sa@gmail.com', 'Password');\ncy.get('[class=\"auth0-global-message auth0-global-message-error\"]').should('be.visible');",
              "err": {},
              "uuid": "148e5a40-8ccf-4032-b88c-ece68d9dfed4",
              "parentUUID": "c3509249-7575-457a-905a-36bda17c88b2",
              "isHook": false,
              "skipped": true
            }
          ],
          "suites": [],
          "passes": [],
          "failures": [],
          "pending": [],
          "skipped": [
            "9b374a79-b8ef-441a-a457-67c4a94b9361",
            "89983824-1cb4-4ca7-89bd-ebce6ad2db5a",
            "d6e66165-0029-4057-9bdd-a4b0f03b3a62",
            "148e5a40-8ccf-4032-b88c-ece68d9dfed4"
          ],
          "duration": 0,
          "root": false,
          "rootEmpty": false,
          "_timeout": 2000
        }
      ],
      "passes": [],
      "failures": [],
      "pending": [],
      "skipped": [],
      "duration": 0,
      "root": true,
      "rootEmpty": true,
      "_timeout": 2000
    },
    {
      "uuid": "b529b370-88f3-4dba-abea-780eac0f4470",
      "title": "",
      "fullFile": "cypress\\e2e\\test\\addToCart.cy.js",
      "file": "cypress\\e2e\\test\\addToCart.cy.js",
      "beforeHooks": [],
      "afterHooks": [],
      "tests": [],
      "suites": [
        {
          "uuid": "684b0c12-2955-4650-813a-91793b653bb1",
          "title": "Add To Cart",
          "fullFile": "",
          "file": "",
          "beforeHooks": [],
          "afterHooks": [],
          "tests": [
            {
              "title": "Should add an Item to cart",
              "fullTitle": "Add To Cart Should add an Item to cart",
              "timedOut": null,
              "duration": 2444,
              "state": "failed",
              "speed": null,
              "pass": false,
              "fail": true,
              "pending": false,
              "context": null,
              "code": "Auth.login('Sam@gmail.com', 'Password@1');\n_addToCart.default.addToCart();\ncy.get('[class=\"snipcart-item-line__title snipcart__font--xlarge snipcart__font--secondary snipcart__font--black\"]').should('be.visible');",
              "err": {
                "message": "ReferenceError: Auth is not defined",
                "estack": "ReferenceError: Auth is not defined\n    at Context.eval (webpack:///./cypress/e2e/test/addToCart.cy.js:11:8)",
                "diff": null
              },
              "uuid": "dd637ece-65e0-4b50-ace8-6d5abab8ce2a",
              "parentUUID": "684b0c12-2955-4650-813a-91793b653bb1",
              "isHook": false,
              "skipped": false
            }
          ],
          "suites": [],
          "passes": [],
          "failures": [
            "dd637ece-65e0-4b50-ace8-6d5abab8ce2a"
          ],
          "pending": [],
          "skipped": [],
          "duration": 2444,
          "root": false,
          "rootEmpty": false,
          "_timeout": 2000
        }
      ],
      "passes": [],
      "failures": [],
      "pending": [],
      "skipped": [],
      "duration": 0,
      "root": true,
      "rootEmpty": true,
      "_timeout": 2000
    },
    {
      "uuid": "7d9ace91-9c99-4fb0-a2da-5dcb43162e64",
      "title": "",
      "fullFile": "cypress\\e2e\\test\\login.cy.js",
      "file": "cypress\\e2e\\test\\login.cy.js",
      "beforeHooks": [],
      "afterHooks": [],
      "tests": [],
      "suites": [
        {
          "uuid": "a846addb-ebd2-4fff-9721-ba42c007d29b",
          "title": "login",
          "fullFile": "",
          "file": "",
          "beforeHooks": [],
          "afterHooks": [],
          "tests": [
            {
              "title": "Should login with valid credentials",
              "fullTitle": "login Should login with valid credentials",
              "timedOut": null,
              "duration": 0,
              "state": "pending",
              "speed": null,
              "pass": false,
              "fail": false,
              "pending": false,
              "context": null,
              "code": "_login.default.login('Sam@gmail.com', 'Password@1');\ncy.get('.chakra-heading.css-kmq9po').should('be.visible');",
              "err": {},
              "uuid": "b3f8eb22-203a-48e4-bd5c-909af3ed3ee7",
              "parentUUID": "a846addb-ebd2-4fff-9721-ba42c007d29b",
              "isHook": false,
              "skipped": true
            },
            {
              "title": "Should not login with invalid password",
              "fullTitle": "login Should not login with invalid password",
              "timedOut": null,
              "duration": 0,
              "state": "pending",
              "speed": null,
              "pass": false,
              "fail": false,
              "pending": false,
              "context": null,
              "code": "_login.default.loginIncorrectPassword('Sam@gmail.com', 'Password');\ncy.get('[class=\"auth0-global-message auth0-global-message-error\"]').should('be.visible');",
              "err": {},
              "uuid": "39d71ca7-f881-4bd2-a80b-a1476fb818d6",
              "parentUUID": "a846addb-ebd2-4fff-9721-ba42c007d29b",
              "isHook": false,
              "skipped": true
            },
            {
              "title": "Should not login with invalid email",
              "fullTitle": "login Should not login with invalid email",
              "timedOut": null,
              "duration": 0,
              "state": "pending",
              "speed": null,
              "pass": false,
              "fail": false,
              "pending": false,
              "context": null,
              "code": "_login.default.loginIncorrectEmail('Sa@gmail.com', 'Password@1');\ncy.get('[class=\"auth0-global-message auth0-global-message-error\"]').should('be.visible');",
              "err": {},
              "uuid": "cb2f36c3-1a51-4899-aa31-bf29fe91f8e0",
              "parentUUID": "a846addb-ebd2-4fff-9721-ba42c007d29b",
              "isHook": false,
              "skipped": true
            },
            {
              "title": "Should not login with invalid email and password",
              "fullTitle": "login Should not login with invalid email and password",
              "timedOut": null,
              "duration": 0,
              "state": "pending",
              "speed": null,
              "pass": false,
              "fail": false,
              "pending": false,
              "context": null,
              "code": "_login.default.loginIncorrectEmailPassword('Sa@gmail.com', 'Password');\ncy.get('[class=\"auth0-global-message auth0-global-message-error\"]').should('be.visible');",
              "err": {},
              "uuid": "d873e284-1c8c-4119-95b3-be9720673c77",
              "parentUUID": "a846addb-ebd2-4fff-9721-ba42c007d29b",
              "isHook": false,
              "skipped": true
            }
          ],
          "suites": [],
          "passes": [],
          "failures": [],
          "pending": [],
          "skipped": [
            "b3f8eb22-203a-48e4-bd5c-909af3ed3ee7",
            "39d71ca7-f881-4bd2-a80b-a1476fb818d6",
            "cb2f36c3-1a51-4899-aa31-bf29fe91f8e0",
            "d873e284-1c8c-4119-95b3-be9720673c77"
          ],
          "duration": 0,
          "root": false,
          "rootEmpty": false,
          "_timeout": 2000
        }
      ],
      "passes": [],
      "failures": [],
      "pending": [],
      "skipped": [],
      "duration": 0,
      "root": true,
      "rootEmpty": true,
      "_timeout": 2000
    },
    {
      "uuid": "41c75315-aceb-49b9-a6bf-4551bddb964a",
      "title": "",
      "fullFile": "cypress\\e2e\\test\\addToCart.cy.js",
      "file": "cypress\\e2e\\test\\addToCart.cy.js",
      "beforeHooks": [],
      "afterHooks": [],
      "tests": [],
      "suites": [
        {
          "uuid": "fb938235-d5be-417b-80da-90d468cfa015",
          "title": "Add To Cart",
          "fullFile": "",
          "file": "",
          "beforeHooks": [],
          "afterHooks": [],
          "tests": [
            {
              "title": "Should add an Item to cart",
              "fullTitle": "Add To Cart Should add an Item to cart",
              "timedOut": null,
              "duration": 7453,
              "state": "failed",
              "speed": null,
              "pass": false,
              "fail": true,
              "pending": false,
              "context": null,
              "code": "_login.default.login('Sam@gmail.com', 'Password@1');\n_addToCart.default.addToCart();\ncy.get('[class=\"snipcart-item-line__title snipcart__font--xlarge snipcart__font--secondary snipcart__font--black\"]').should('be.visible');",
              "err": {
                "message": "CypressError: Cypress detected a cross origin error happened on page load:\n\n  > Blocked a frame with origin \"https://ui-automation-camp.vercel.app\" from accessing a cross-origin frame.\n\nBefore the page load, you were bound to the origin:\n\n  > https://ui-automation-camp.vercel.app\n\nA cross origin error happens when your application navigates to a new URL which does not match the origin above.\n\nA new URL does not match the origin if the 'protocol', 'port' (if specified), and/or 'host' are different.\n\nCypress does not allow you to navigate to a different origin URL within a single test.\n\nYou may need to restructure some of your test code to avoid this problem.\n\nAlternatively you can also disable Chrome Web Security in Chromium-based browsers which will turn off this restriction by setting { chromeWebSecurity: false } in `cypress.config.js`.\n\nhttps://on.cypress.io/cross-origin-violation",
                "estack": "CypressError: Cypress detected a cross origin error happened on page load:\n\n  > Blocked a frame with origin \"https://ui-automation-camp.vercel.app\" from accessing a cross-origin frame.\n\nBefore the page load, you were bound to the origin:\n\n  > https://ui-automation-camp.vercel.app\n\nA cross origin error happens when your application navigates to a new URL which does not match the origin above.\n\nA new URL does not match the origin if the 'protocol', 'port' (if specified), and/or 'host' are different.\n\nCypress does not allow you to navigate to a different origin URL within a single test.\n\nYou may need to restructure some of your test code to avoid this problem.\n\nAlternatively you can also disable Chrome Web Security in Chromium-based browsers which will turn off this restriction by setting { chromeWebSecurity: false } in `cypress.config.js`.\n\nhttps://on.cypress.io/cross-origin-violation\n    at onPageLoadErr (https://ui-automation-camp.vercel.app/__cypress/runner/cypress_runner.js:141527:76)\n    at HTMLIFrameElement.<anonymous> (https://ui-automation-camp.vercel.app/__cypress/runner/cypress_runner.js:157774:15)\n    at HTMLIFrameElement.dispatch (https://ui-automation-camp.vercel.app/__cypress/runner/cypress_runner.js:95573:27)\n    at elemData.handle (https://ui-automation-camp.vercel.app/__cypress/runner/cypress_runner.js:95381:28)\nFrom Your Spec Code:\n    at login (webpack:///./cypress/e2e/page/login.page.js:11:11)\n    at Context.eval (webpack:///./cypress/e2e/test/addToCart.cy.js:12:13)",
                "diff": null
              },
              "uuid": "63db1220-6b5e-473e-a90a-e100b17b8105",
              "parentUUID": "fb938235-d5be-417b-80da-90d468cfa015",
              "isHook": false,
              "skipped": false
            }
          ],
          "suites": [],
          "passes": [],
          "failures": [
            "63db1220-6b5e-473e-a90a-e100b17b8105"
          ],
          "pending": [],
          "skipped": [],
          "duration": 7453,
          "root": false,
          "rootEmpty": false,
          "_timeout": 2000
        }
      ],
      "passes": [],
      "failures": [],
      "pending": [],
      "skipped": [],
      "duration": 0,
      "root": true,
      "rootEmpty": true,
      "_timeout": 2000
    },
    {
      "uuid": "994ec41b-ff06-4af9-8b8c-f8c2728a7ff4",
      "title": "",
      "fullFile": "cypress\\e2e\\test\\login.cy.js",
      "file": "cypress\\e2e\\test\\login.cy.js",
      "beforeHooks": [],
      "afterHooks": [],
      "tests": [],
      "suites": [
        {
          "uuid": "da3a1262-a0b2-477c-bff2-124cb1c05052",
          "title": "login",
          "fullFile": "",
          "file": "",
          "beforeHooks": [],
          "afterHooks": [],
          "tests": [
            {
              "title": "Should login with valid credentials",
              "fullTitle": "login Should login with valid credentials",
              "timedOut": null,
              "duration": 0,
              "state": "pending",
              "speed": null,
              "pass": false,
              "fail": false,
              "pending": false,
              "context": null,
              "code": "_login.default.login('Sam@gmail.com', 'Password@1');\ncy.get('.chakra-heading.css-kmq9po').should('be.visible');",
              "err": {},
              "uuid": "4dcc6247-258f-4a19-8ebd-1b037aa6ccbe",
              "parentUUID": "da3a1262-a0b2-477c-bff2-124cb1c05052",
              "isHook": false,
              "skipped": true
            },
            {
              "title": "Should not login with invalid password",
              "fullTitle": "login Should not login with invalid password",
              "timedOut": null,
              "duration": 0,
              "state": "pending",
              "speed": null,
              "pass": false,
              "fail": false,
              "pending": false,
              "context": null,
              "code": "_login.default.loginIncorrectPassword('Sam@gmail.com', 'Password');\ncy.get('[class=\"auth0-global-message auth0-global-message-error\"]').should('be.visible');",
              "err": {},
              "uuid": "f8a3f575-4988-4b51-acce-81c07ea592d7",
              "parentUUID": "da3a1262-a0b2-477c-bff2-124cb1c05052",
              "isHook": false,
              "skipped": true
            },
            {
              "title": "Should not login with invalid email",
              "fullTitle": "login Should not login with invalid email",
              "timedOut": null,
              "duration": 0,
              "state": "pending",
              "speed": null,
              "pass": false,
              "fail": false,
              "pending": false,
              "context": null,
              "code": "_login.default.loginIncorrectEmail('Sa@gmail.com', 'Password@1');\ncy.get('[class=\"auth0-global-message auth0-global-message-error\"]').should('be.visible');",
              "err": {},
              "uuid": "70418c0c-3788-4564-b05e-e4e51ffb46f3",
              "parentUUID": "da3a1262-a0b2-477c-bff2-124cb1c05052",
              "isHook": false,
              "skipped": true
            },
            {
              "title": "Should not login with invalid email and password",
              "fullTitle": "login Should not login with invalid email and password",
              "timedOut": null,
              "duration": 0,
              "state": "pending",
              "speed": null,
              "pass": false,
              "fail": false,
              "pending": false,
              "context": null,
              "code": "_login.default.loginIncorrectEmailPassword('Sa@gmail.com', 'Password');\ncy.get('[class=\"auth0-global-message auth0-global-message-error\"]').should('be.visible');",
              "err": {},
              "uuid": "81f3b2bb-e727-497f-a262-f283d111163d",
              "parentUUID": "da3a1262-a0b2-477c-bff2-124cb1c05052",
              "isHook": false,
              "skipped": true
            }
          ],
          "suites": [],
          "passes": [],
          "failures": [],
          "pending": [],
          "skipped": [
            "4dcc6247-258f-4a19-8ebd-1b037aa6ccbe",
            "f8a3f575-4988-4b51-acce-81c07ea592d7",
            "70418c0c-3788-4564-b05e-e4e51ffb46f3",
            "81f3b2bb-e727-497f-a262-f283d111163d"
          ],
          "duration": 0,
          "root": false,
          "rootEmpty": false,
          "_timeout": 2000
        }
      ],
      "passes": [],
      "failures": [],
      "pending": [],
      "skipped": [],
      "duration": 0,
      "root": true,
      "rootEmpty": true,
      "_timeout": 2000
    },
    {
      "uuid": "d124f76e-6cd2-4ac9-86d4-b41072fdcd3a",
      "title": "",
      "fullFile": "cypress\\e2e\\test\\addToCart.cy.js",
      "file": "cypress\\e2e\\test\\addToCart.cy.js",
      "beforeHooks": [],
      "afterHooks": [],
      "tests": [],
      "suites": [
        {
          "uuid": "a56904df-19e6-4283-b14f-aa7ac6fd2e14",
          "title": "Add To Cart",
          "fullFile": "",
          "file": "",
          "beforeHooks": [],
          "afterHooks": [],
          "tests": [
            {
              "title": "Should add an Item to cart",
              "fullTitle": "Add To Cart Should add an Item to cart",
              "timedOut": null,
              "duration": 7334,
              "state": "failed",
              "speed": null,
              "pass": false,
              "fail": true,
              "pending": false,
              "context": null,
              "code": "_login.default.login('Sam@gmail.com', 'Password@1');\n_addToCart.default.addToCart();\ncy.get('[class=\"snipcart-cart-summary__title snipcart__font--subtitle\"]').should('be.visible');",
              "err": {
                "message": "CypressError: Cypress detected a cross origin error happened on page load:\n\n  > Blocked a frame with origin \"https://ui-automation-camp.vercel.app\" from accessing a cross-origin frame.\n\nBefore the page load, you were bound to the origin:\n\n  > https://ui-automation-camp.vercel.app\n\nA cross origin error happens when your application navigates to a new URL which does not match the origin above.\n\nA new URL does not match the origin if the 'protocol', 'port' (if specified), and/or 'host' are different.\n\nCypress does not allow you to navigate to a different origin URL within a single test.\n\nYou may need to restructure some of your test code to avoid this problem.\n\nAlternatively you can also disable Chrome Web Security in Chromium-based browsers which will turn off this restriction by setting { chromeWebSecurity: false } in `cypress.config.js`.\n\nhttps://on.cypress.io/cross-origin-violation",
                "estack": "CypressError: Cypress detected a cross origin error happened on page load:\n\n  > Blocked a frame with origin \"https://ui-automation-camp.vercel.app\" from accessing a cross-origin frame.\n\nBefore the page load, you were bound to the origin:\n\n  > https://ui-automation-camp.vercel.app\n\nA cross origin error happens when your application navigates to a new URL which does not match the origin above.\n\nA new URL does not match the origin if the 'protocol', 'port' (if specified), and/or 'host' are different.\n\nCypress does not allow you to navigate to a different origin URL within a single test.\n\nYou may need to restructure some of your test code to avoid this problem.\n\nAlternatively you can also disable Chrome Web Security in Chromium-based browsers which will turn off this restriction by setting { chromeWebSecurity: false } in `cypress.config.js`.\n\nhttps://on.cypress.io/cross-origin-violation\n    at onPageLoadErr (https://ui-automation-camp.vercel.app/__cypress/runner/cypress_runner.js:141527:76)\n    at HTMLIFrameElement.<anonymous> (https://ui-automation-camp.vercel.app/__cypress/runner/cypress_runner.js:157774:15)\n    at HTMLIFrameElement.dispatch (https://ui-automation-camp.vercel.app/__cypress/runner/cypress_runner.js:95573:27)\n    at elemData.handle (https://ui-automation-camp.vercel.app/__cypress/runner/cypress_runner.js:95381:28)\nFrom Your Spec Code:\n    at login (webpack:///./cypress/e2e/page/login.page.js:11:11)\n    at Context.eval (webpack:///./cypress/e2e/test/addToCart.cy.js:12:13)",
                "diff": null
              },
              "uuid": "5243f843-b8ae-480e-b041-1a338b015fa1",
              "parentUUID": "a56904df-19e6-4283-b14f-aa7ac6fd2e14",
              "isHook": false,
              "skipped": false
            }
          ],
          "suites": [],
          "passes": [],
          "failures": [
            "5243f843-b8ae-480e-b041-1a338b015fa1"
          ],
          "pending": [],
          "skipped": [],
          "duration": 7334,
          "root": false,
          "rootEmpty": false,
          "_timeout": 2000
        }
      ],
      "passes": [],
      "failures": [],
      "pending": [],
      "skipped": [],
      "duration": 0,
      "root": true,
      "rootEmpty": true,
      "_timeout": 2000
    },
    {
      "uuid": "ae2644e0-3009-43a8-8b7d-9ffde4629797",
      "title": "",
      "fullFile": "cypress\\e2e\\test\\login.cy.js",
      "file": "cypress\\e2e\\test\\login.cy.js",
      "beforeHooks": [],
      "afterHooks": [],
      "tests": [],
      "suites": [
        {
          "uuid": "54d4b4da-5b70-4c22-9e39-c721bc3285aa",
          "title": "login",
          "fullFile": "",
          "file": "",
          "beforeHooks": [],
          "afterHooks": [],
          "tests": [
            {
              "title": "Should login with valid credentials",
              "fullTitle": "login Should login with valid credentials",
              "timedOut": null,
              "duration": 0,
              "state": "pending",
              "speed": null,
              "pass": false,
              "fail": false,
              "pending": false,
              "context": null,
              "code": "_login.default.login('Sam@gmail.com', 'Password@1');\ncy.get('.chakra-heading.css-kmq9po').should('be.visible');",
              "err": {},
              "uuid": "db8b7465-2a6c-4fdb-9314-abf7f011fae9",
              "parentUUID": "54d4b4da-5b70-4c22-9e39-c721bc3285aa",
              "isHook": false,
              "skipped": true
            },
            {
              "title": "Should not login with invalid password",
              "fullTitle": "login Should not login with invalid password",
              "timedOut": null,
              "duration": 0,
              "state": "pending",
              "speed": null,
              "pass": false,
              "fail": false,
              "pending": false,
              "context": null,
              "code": "_login.default.loginIncorrectPassword('Sam@gmail.com', 'Password');\ncy.get('[class=\"auth0-global-message auth0-global-message-error\"]').should('be.visible');",
              "err": {},
              "uuid": "24d5dff5-f14a-481c-b486-7350cd3ac831",
              "parentUUID": "54d4b4da-5b70-4c22-9e39-c721bc3285aa",
              "isHook": false,
              "skipped": true
            },
            {
              "title": "Should not login with invalid email",
              "fullTitle": "login Should not login with invalid email",
              "timedOut": null,
              "duration": 0,
              "state": "pending",
              "speed": null,
              "pass": false,
              "fail": false,
              "pending": false,
              "context": null,
              "code": "_login.default.loginIncorrectEmail('Sa@gmail.com', 'Password@1');\ncy.get('[class=\"auth0-global-message auth0-global-message-error\"]').should('be.visible');",
              "err": {},
              "uuid": "da69624e-30eb-4608-baea-87b7d70642cf",
              "parentUUID": "54d4b4da-5b70-4c22-9e39-c721bc3285aa",
              "isHook": false,
              "skipped": true
            },
            {
              "title": "Should not login with invalid email and password",
              "fullTitle": "login Should not login with invalid email and password",
              "timedOut": null,
              "duration": 0,
              "state": "pending",
              "speed": null,
              "pass": false,
              "fail": false,
              "pending": false,
              "context": null,
              "code": "_login.default.loginIncorrectEmailPassword('Sa@gmail.com', 'Password');\ncy.get('[class=\"auth0-global-message auth0-global-message-error\"]').should('be.visible');",
              "err": {},
              "uuid": "e6099b2a-23e5-4594-917c-a4580d2deddd",
              "parentUUID": "54d4b4da-5b70-4c22-9e39-c721bc3285aa",
              "isHook": false,
              "skipped": true
            }
          ],
          "suites": [],
          "passes": [],
          "failures": [],
          "pending": [],
          "skipped": [
            "db8b7465-2a6c-4fdb-9314-abf7f011fae9",
            "24d5dff5-f14a-481c-b486-7350cd3ac831",
            "da69624e-30eb-4608-baea-87b7d70642cf",
            "e6099b2a-23e5-4594-917c-a4580d2deddd"
          ],
          "duration": 0,
          "root": false,
          "rootEmpty": false,
          "_timeout": 2000
        }
      ],
      "passes": [],
      "failures": [],
      "pending": [],
      "skipped": [],
      "duration": 0,
      "root": true,
      "rootEmpty": true,
      "_timeout": 2000
    },
    {
      "uuid": "41303475-95df-42ef-a1da-14390ee013b9",
      "title": "",
      "fullFile": "cypress\\e2e\\test\\addToCart.cy.js",
      "file": "cypress\\e2e\\test\\addToCart.cy.js",
      "beforeHooks": [],
      "afterHooks": [],
      "tests": [],
      "suites": [
        {
          "uuid": "3c445ee9-5435-47b5-b983-fd8e0dac41ad",
          "title": "Add To Cart",
          "fullFile": "",
          "file": "",
          "beforeHooks": [],
          "afterHooks": [],
          "tests": [
            {
              "title": "Should add an Item to cart",
              "fullTitle": "Add To Cart Should add an Item to cart",
              "timedOut": null,
              "duration": 5120,
              "state": "failed",
              "speed": null,
              "pass": false,
              "fail": true,
              "pending": false,
              "context": null,
              "code": "_login.default.login('Sam@gmail.com', 'Password@1');\n_addToCart.default.addToCart();\ncy.get('[class=\"snipcart-cart-summary__title snipcart__font--subtitle\"]').should('be.visible');",
              "err": {
                "message": "CypressError: Cypress detected a cross origin error happened on page load:\n\n  > Blocked a frame with origin \"https://ui-automation-camp.vercel.app\" from accessing a cross-origin frame.\n\nBefore the page load, you were bound to the origin:\n\n  > https://ui-automation-camp.vercel.app\n\nA cross origin error happens when your application navigates to a new URL which does not match the origin above.\n\nA new URL does not match the origin if the 'protocol', 'port' (if specified), and/or 'host' are different.\n\nCypress does not allow you to navigate to a different origin URL within a single test.\n\nYou may need to restructure some of your test code to avoid this problem.\n\nAlternatively you can also disable Chrome Web Security in Chromium-based browsers which will turn off this restriction by setting { chromeWebSecurity: false } in `cypress.config.js`.\n\nhttps://on.cypress.io/cross-origin-violation",
                "estack": "CypressError: Cypress detected a cross origin error happened on page load:\n\n  > Blocked a frame with origin \"https://ui-automation-camp.vercel.app\" from accessing a cross-origin frame.\n\nBefore the page load, you were bound to the origin:\n\n  > https://ui-automation-camp.vercel.app\n\nA cross origin error happens when your application navigates to a new URL which does not match the origin above.\n\nA new URL does not match the origin if the 'protocol', 'port' (if specified), and/or 'host' are different.\n\nCypress does not allow you to navigate to a different origin URL within a single test.\n\nYou may need to restructure some of your test code to avoid this problem.\n\nAlternatively you can also disable Chrome Web Security in Chromium-based browsers which will turn off this restriction by setting { chromeWebSecurity: false } in `cypress.config.js`.\n\nhttps://on.cypress.io/cross-origin-violation\n    at onPageLoadErr (https://ui-automation-camp.vercel.app/__cypress/runner/cypress_runner.js:141527:76)\n    at HTMLIFrameElement.<anonymous> (https://ui-automation-camp.vercel.app/__cypress/runner/cypress_runner.js:157774:15)\n    at HTMLIFrameElement.dispatch (https://ui-automation-camp.vercel.app/__cypress/runner/cypress_runner.js:95573:27)\n    at elemData.handle (https://ui-automation-camp.vercel.app/__cypress/runner/cypress_runner.js:95381:28)\nFrom Your Spec Code:\n    at login (webpack:///./cypress/e2e/page/login.page.js:11:11)\n    at Context.eval (webpack:///./cypress/e2e/test/addToCart.cy.js:12:13)",
                "diff": null
              },
              "uuid": "986d9df8-3bd7-43f0-9f18-731cfa98eb70",
              "parentUUID": "3c445ee9-5435-47b5-b983-fd8e0dac41ad",
              "isHook": false,
              "skipped": false
            }
          ],
          "suites": [],
          "passes": [],
          "failures": [
            "986d9df8-3bd7-43f0-9f18-731cfa98eb70"
          ],
          "pending": [],
          "skipped": [],
          "duration": 5120,
          "root": false,
          "rootEmpty": false,
          "_timeout": 2000
        }
      ],
      "passes": [],
      "failures": [],
      "pending": [],
      "skipped": [],
      "duration": 0,
      "root": true,
      "rootEmpty": true,
      "_timeout": 2000
    },
    {
      "uuid": "2df62eb0-98d4-4e7d-944b-91f7f168403a",
      "title": "",
      "fullFile": "cypress\\e2e\\test\\login.cy.js",
      "file": "cypress\\e2e\\test\\login.cy.js",
      "beforeHooks": [],
      "afterHooks": [],
      "tests": [],
      "suites": [
        {
          "uuid": "41f4e654-4dd7-4022-b582-de9ed1b2ecc3",
          "title": "login",
          "fullFile": "",
          "file": "",
          "beforeHooks": [],
          "afterHooks": [],
          "tests": [
            {
              "title": "Should login with valid credentials",
              "fullTitle": "login Should login with valid credentials",
              "timedOut": null,
              "duration": 0,
              "state": "pending",
              "speed": null,
              "pass": false,
              "fail": false,
              "pending": false,
              "context": null,
              "code": "_login.default.login('Sam@gmail.com', 'Password@1');\ncy.get('.chakra-heading.css-kmq9po').should('be.visible');",
              "err": {},
              "uuid": "62fcafe2-7bba-4b41-8702-ab123f129c09",
              "parentUUID": "41f4e654-4dd7-4022-b582-de9ed1b2ecc3",
              "isHook": false,
              "skipped": true
            },
            {
              "title": "Should not login with invalid password",
              "fullTitle": "login Should not login with invalid password",
              "timedOut": null,
              "duration": 0,
              "state": "pending",
              "speed": null,
              "pass": false,
              "fail": false,
              "pending": false,
              "context": null,
              "code": "_login.default.loginIncorrectPassword('Sam@gmail.com', 'Password');\ncy.get('[class=\"auth0-global-message auth0-global-message-error\"]').should('be.visible');",
              "err": {},
              "uuid": "f3204450-f6e1-4d6a-a18a-24e8280745ef",
              "parentUUID": "41f4e654-4dd7-4022-b582-de9ed1b2ecc3",
              "isHook": false,
              "skipped": true
            },
            {
              "title": "Should not login with invalid email",
              "fullTitle": "login Should not login with invalid email",
              "timedOut": null,
              "duration": 0,
              "state": "pending",
              "speed": null,
              "pass": false,
              "fail": false,
              "pending": false,
              "context": null,
              "code": "_login.default.loginIncorrectEmail('Sa@gmail.com', 'Password@1');\ncy.get('[class=\"auth0-global-message auth0-global-message-error\"]').should('be.visible');",
              "err": {},
              "uuid": "ae4b3fbb-4bec-44d5-8eee-062ec0ad7a92",
              "parentUUID": "41f4e654-4dd7-4022-b582-de9ed1b2ecc3",
              "isHook": false,
              "skipped": true
            },
            {
              "title": "Should not login with invalid email and password",
              "fullTitle": "login Should not login with invalid email and password",
              "timedOut": null,
              "duration": 0,
              "state": "pending",
              "speed": null,
              "pass": false,
              "fail": false,
              "pending": false,
              "context": null,
              "code": "_login.default.loginIncorrectEmailPassword('Sa@gmail.com', 'Password');\ncy.get('[class=\"auth0-global-message auth0-global-message-error\"]').should('be.visible');",
              "err": {},
              "uuid": "b9ab0ca5-0a17-4b32-9c3d-2c99f63c851d",
              "parentUUID": "41f4e654-4dd7-4022-b582-de9ed1b2ecc3",
              "isHook": false,
              "skipped": true
            }
          ],
          "suites": [],
          "passes": [],
          "failures": [],
          "pending": [],
          "skipped": [
            "62fcafe2-7bba-4b41-8702-ab123f129c09",
            "f3204450-f6e1-4d6a-a18a-24e8280745ef",
            "ae4b3fbb-4bec-44d5-8eee-062ec0ad7a92",
            "b9ab0ca5-0a17-4b32-9c3d-2c99f63c851d"
          ],
          "duration": 0,
          "root": false,
          "rootEmpty": false,
          "_timeout": 2000
        }
      ],
      "passes": [],
      "failures": [],
      "pending": [],
      "skipped": [],
      "duration": 0,
      "root": true,
      "rootEmpty": true,
      "_timeout": 2000
    },
    {
      "uuid": "93c66ef4-01eb-4603-86ba-6f84474ddcf2",
      "title": "",
      "fullFile": "cypress\\e2e\\test\\addToCart.cy.js",
      "file": "cypress\\e2e\\test\\addToCart.cy.js",
      "beforeHooks": [],
      "afterHooks": [],
      "tests": [],
      "suites": [
        {
          "uuid": "bf5ef036-44f9-4243-98ca-b3879b043d7d",
          "title": "Add To Cart",
          "fullFile": "",
          "file": "",
          "beforeHooks": [],
          "afterHooks": [],
          "tests": [
            {
              "title": "Should add an Item to cart",
              "fullTitle": "Add To Cart Should add an Item to cart",
              "timedOut": null,
              "duration": 8633,
              "state": "failed",
              "speed": null,
              "pass": false,
              "fail": true,
              "pending": false,
              "context": null,
              "code": "_login.default.login('Sam@gmail.com', 'Password@1');\n_addToCart.default.addToCart();\ncy.get('[class=\"snipcart-cart-summary__title snipcart__font--subtitle\"]').should('be.visible');",
              "err": {
                "message": "CypressError: Cypress detected a cross origin error happened on page load:\n\n  > Blocked a frame with origin \"https://ui-automation-camp.vercel.app\" from accessing a cross-origin frame.\n\nBefore the page load, you were bound to the origin:\n\n  > https://ui-automation-camp.vercel.app\n\nA cross origin error happens when your application navigates to a new URL which does not match the origin above.\n\nA new URL does not match the origin if the 'protocol', 'port' (if specified), and/or 'host' are different.\n\nCypress does not allow you to navigate to a different origin URL within a single test.\n\nYou may need to restructure some of your test code to avoid this problem.\n\nAlternatively you can also disable Chrome Web Security in Chromium-based browsers which will turn off this restriction by setting { chromeWebSecurity: false } in `cypress.config.js`.\n\nhttps://on.cypress.io/cross-origin-violation",
                "estack": "CypressError: Cypress detected a cross origin error happened on page load:\n\n  > Blocked a frame with origin \"https://ui-automation-camp.vercel.app\" from accessing a cross-origin frame.\n\nBefore the page load, you were bound to the origin:\n\n  > https://ui-automation-camp.vercel.app\n\nA cross origin error happens when your application navigates to a new URL which does not match the origin above.\n\nA new URL does not match the origin if the 'protocol', 'port' (if specified), and/or 'host' are different.\n\nCypress does not allow you to navigate to a different origin URL within a single test.\n\nYou may need to restructure some of your test code to avoid this problem.\n\nAlternatively you can also disable Chrome Web Security in Chromium-based browsers which will turn off this restriction by setting { chromeWebSecurity: false } in `cypress.config.js`.\n\nhttps://on.cypress.io/cross-origin-violation\n    at onPageLoadErr (https://ui-automation-camp.vercel.app/__cypress/runner/cypress_runner.js:141527:76)\n    at HTMLIFrameElement.<anonymous> (https://ui-automation-camp.vercel.app/__cypress/runner/cypress_runner.js:157774:15)\n    at HTMLIFrameElement.dispatch (https://ui-automation-camp.vercel.app/__cypress/runner/cypress_runner.js:95573:27)\n    at elemData.handle (https://ui-automation-camp.vercel.app/__cypress/runner/cypress_runner.js:95381:28)\nFrom Your Spec Code:\n    at login (webpack:///./cypress/e2e/page/login.page.js:11:11)\n    at Context.eval (webpack:///./cypress/e2e/test/addToCart.cy.js:12:13)",
                "diff": null
              },
              "uuid": "c8998e7c-4c12-475a-8d8d-00a3c778583c",
              "parentUUID": "bf5ef036-44f9-4243-98ca-b3879b043d7d",
              "isHook": false,
              "skipped": false
            }
          ],
          "suites": [],
          "passes": [],
          "failures": [
            "c8998e7c-4c12-475a-8d8d-00a3c778583c"
          ],
          "pending": [],
          "skipped": [],
          "duration": 8633,
          "root": false,
          "rootEmpty": false,
          "_timeout": 2000
        }
      ],
      "passes": [],
      "failures": [],
      "pending": [],
      "skipped": [],
      "duration": 0,
      "root": true,
      "rootEmpty": true,
      "_timeout": 2000
    },
    {
      "uuid": "e6be0b8e-809f-4ee5-826f-c454b0cf5ed1",
      "title": "",
      "fullFile": "cypress\\e2e\\test\\login.cy.js",
      "file": "cypress\\e2e\\test\\login.cy.js",
      "beforeHooks": [],
      "afterHooks": [],
      "tests": [],
      "suites": [
        {
          "uuid": "2ae0fca0-636c-4171-ad4b-d5011f557f23",
          "title": "login",
          "fullFile": "",
          "file": "",
          "beforeHooks": [],
          "afterHooks": [],
          "tests": [
            {
              "title": "Should login with valid credentials",
              "fullTitle": "login Should login with valid credentials",
              "timedOut": null,
              "duration": 0,
              "state": "pending",
              "speed": null,
              "pass": false,
              "fail": false,
              "pending": false,
              "context": null,
              "code": "_login.default.login('Sam@gmail.com', 'Password@1');\ncy.get('.chakra-heading.css-kmq9po').should('be.visible');",
              "err": {},
              "uuid": "2f782453-ccf1-4c98-8475-e979188a2172",
              "parentUUID": "2ae0fca0-636c-4171-ad4b-d5011f557f23",
              "isHook": false,
              "skipped": true
            },
            {
              "title": "Should not login with invalid password",
              "fullTitle": "login Should not login with invalid password",
              "timedOut": null,
              "duration": 0,
              "state": "pending",
              "speed": null,
              "pass": false,
              "fail": false,
              "pending": false,
              "context": null,
              "code": "_login.default.loginIncorrectPassword('Sam@gmail.com', 'Password');\ncy.get('[class=\"auth0-global-message auth0-global-message-error\"]').should('be.visible');",
              "err": {},
              "uuid": "61545a76-2424-4d2e-ae18-20ae98d466b1",
              "parentUUID": "2ae0fca0-636c-4171-ad4b-d5011f557f23",
              "isHook": false,
              "skipped": true
            },
            {
              "title": "Should not login with invalid email",
              "fullTitle": "login Should not login with invalid email",
              "timedOut": null,
              "duration": 0,
              "state": "pending",
              "speed": null,
              "pass": false,
              "fail": false,
              "pending": false,
              "context": null,
              "code": "_login.default.loginIncorrectEmail('Sa@gmail.com', 'Password@1');\ncy.get('[class=\"auth0-global-message auth0-global-message-error\"]').should('be.visible');",
              "err": {},
              "uuid": "aa0cf95b-3f5b-447d-b7db-6cc7645d5a9c",
              "parentUUID": "2ae0fca0-636c-4171-ad4b-d5011f557f23",
              "isHook": false,
              "skipped": true
            },
            {
              "title": "Should not login with invalid email and password",
              "fullTitle": "login Should not login with invalid email and password",
              "timedOut": null,
              "duration": 0,
              "state": "pending",
              "speed": null,
              "pass": false,
              "fail": false,
              "pending": false,
              "context": null,
              "code": "_login.default.loginIncorrectEmailPassword('Sa@gmail.com', 'Password');\ncy.get('[class=\"auth0-global-message auth0-global-message-error\"]').should('be.visible');",
              "err": {},
              "uuid": "2d40ef63-f186-4e27-a4ad-e9a5b8d86fc3",
              "parentUUID": "2ae0fca0-636c-4171-ad4b-d5011f557f23",
              "isHook": false,
              "skipped": true
            }
          ],
          "suites": [],
          "passes": [],
          "failures": [],
          "pending": [],
          "skipped": [
            "2f782453-ccf1-4c98-8475-e979188a2172",
            "61545a76-2424-4d2e-ae18-20ae98d466b1",
            "aa0cf95b-3f5b-447d-b7db-6cc7645d5a9c",
            "2d40ef63-f186-4e27-a4ad-e9a5b8d86fc3"
          ],
          "duration": 0,
          "root": false,
          "rootEmpty": false,
          "_timeout": 2000
        }
      ],
      "passes": [],
      "failures": [],
      "pending": [],
      "skipped": [],
      "duration": 0,
      "root": true,
      "rootEmpty": true,
      "_timeout": 2000
    },
    {
      "uuid": "fd4975e3-8917-4ab8-a6d2-8e79835d72f6",
      "title": "",
      "fullFile": "cypress\\e2e\\test\\addToCart.cy.js",
      "file": "cypress\\e2e\\test\\addToCart.cy.js",
      "beforeHooks": [],
      "afterHooks": [],
      "tests": [],
      "suites": [
        {
          "uuid": "0b593422-0b46-4cb4-89ec-d9ea6362d391",
          "title": "Add To Cart",
          "fullFile": "",
          "file": "",
          "beforeHooks": [],
          "afterHooks": [],
          "tests": [
            {
              "title": "Should add an Item to cart",
              "fullTitle": "Add To Cart Should add an Item to cart",
              "timedOut": null,
              "duration": 5554,
              "state": "failed",
              "speed": null,
              "pass": false,
              "fail": true,
              "pending": false,
              "context": null,
              "code": "_login.default.login('Sam@gmail.com', 'Password@1');\n_addToCart.default.addToCart();\ncy.get('[class=\"snipcart-cart-summary__title snipcart__font--subtitle\"]').should('be.visible');",
              "err": {
                "message": "CypressError: Cypress detected a cross origin error happened on page load:\n\n  > Blocked a frame with origin \"https://ui-automation-camp.vercel.app\" from accessing a cross-origin frame.\n\nBefore the page load, you were bound to the origin:\n\n  > https://ui-automation-camp.vercel.app\n\nA cross origin error happens when your application navigates to a new URL which does not match the origin above.\n\nA new URL does not match the origin if the 'protocol', 'port' (if specified), and/or 'host' are different.\n\nCypress does not allow you to navigate to a different origin URL within a single test.\n\nYou may need to restructure some of your test code to avoid this problem.\n\nAlternatively you can also disable Chrome Web Security in Chromium-based browsers which will turn off this restriction by setting { chromeWebSecurity: false } in `cypress.config.js`.\n\nhttps://on.cypress.io/cross-origin-violation",
                "estack": "CypressError: Cypress detected a cross origin error happened on page load:\n\n  > Blocked a frame with origin \"https://ui-automation-camp.vercel.app\" from accessing a cross-origin frame.\n\nBefore the page load, you were bound to the origin:\n\n  > https://ui-automation-camp.vercel.app\n\nA cross origin error happens when your application navigates to a new URL which does not match the origin above.\n\nA new URL does not match the origin if the 'protocol', 'port' (if specified), and/or 'host' are different.\n\nCypress does not allow you to navigate to a different origin URL within a single test.\n\nYou may need to restructure some of your test code to avoid this problem.\n\nAlternatively you can also disable Chrome Web Security in Chromium-based browsers which will turn off this restriction by setting { chromeWebSecurity: false } in `cypress.config.js`.\n\nhttps://on.cypress.io/cross-origin-violation\n    at onPageLoadErr (https://ui-automation-camp.vercel.app/__cypress/runner/cypress_runner.js:141527:76)\n    at HTMLIFrameElement.<anonymous> (https://ui-automation-camp.vercel.app/__cypress/runner/cypress_runner.js:157774:15)\n    at HTMLIFrameElement.dispatch (https://ui-automation-camp.vercel.app/__cypress/runner/cypress_runner.js:95573:27)\n    at elemData.handle (https://ui-automation-camp.vercel.app/__cypress/runner/cypress_runner.js:95381:28)\nFrom Your Spec Code:\n    at login (webpack:///./cypress/e2e/page/login.page.js:11:11)\n    at Context.eval (webpack:///./cypress/e2e/test/addToCart.cy.js:12:13)",
                "diff": null
              },
              "uuid": "aab75ce7-8a7e-434c-a993-26d888f54abe",
              "parentUUID": "0b593422-0b46-4cb4-89ec-d9ea6362d391",
              "isHook": false,
              "skipped": false
            }
          ],
          "suites": [],
          "passes": [],
          "failures": [
            "aab75ce7-8a7e-434c-a993-26d888f54abe"
          ],
          "pending": [],
          "skipped": [],
          "duration": 5554,
          "root": false,
          "rootEmpty": false,
          "_timeout": 2000
        }
      ],
      "passes": [],
      "failures": [],
      "pending": [],
      "skipped": [],
      "duration": 0,
      "root": true,
      "rootEmpty": true,
      "_timeout": 2000
    },
    {
      "uuid": "0d8885f9-b673-449e-9073-9762f420e9ae",
      "title": "",
      "fullFile": "cypress\\e2e\\test\\login.cy.js",
      "file": "cypress\\e2e\\test\\login.cy.js",
      "beforeHooks": [],
      "afterHooks": [],
      "tests": [],
      "suites": [
        {
          "uuid": "0584a52e-f653-4e04-8953-bb125fc96f09",
          "title": "login",
          "fullFile": "",
          "file": "",
          "beforeHooks": [],
          "afterHooks": [],
          "tests": [
            {
              "title": "Should login with valid credentials",
              "fullTitle": "login Should login with valid credentials",
              "timedOut": null,
              "duration": 0,
              "state": "pending",
              "speed": null,
              "pass": false,
              "fail": false,
              "pending": false,
              "context": null,
              "code": "_login.default.login('Sam@gmail.com', 'Password@1');\ncy.get('.chakra-heading.css-kmq9po').should('be.visible');",
              "err": {},
              "uuid": "d6c5a30a-7d26-4e7b-a328-d0069f30edb6",
              "parentUUID": "0584a52e-f653-4e04-8953-bb125fc96f09",
              "isHook": false,
              "skipped": true
            },
            {
              "title": "Should not login with invalid password",
              "fullTitle": "login Should not login with invalid password",
              "timedOut": null,
              "duration": 0,
              "state": "pending",
              "speed": null,
              "pass": false,
              "fail": false,
              "pending": false,
              "context": null,
              "code": "_login.default.loginIncorrectPassword('Sam@gmail.com', 'Password');\ncy.get('[class=\"auth0-global-message auth0-global-message-error\"]').should('be.visible');",
              "err": {},
              "uuid": "7c4cb834-70d5-4f59-bcb5-81ed98eab719",
              "parentUUID": "0584a52e-f653-4e04-8953-bb125fc96f09",
              "isHook": false,
              "skipped": true
            },
            {
              "title": "Should not login with invalid email",
              "fullTitle": "login Should not login with invalid email",
              "timedOut": null,
              "duration": 0,
              "state": "pending",
              "speed": null,
              "pass": false,
              "fail": false,
              "pending": false,
              "context": null,
              "code": "_login.default.loginIncorrectEmail('Sa@gmail.com', 'Password@1');\ncy.get('[class=\"auth0-global-message auth0-global-message-error\"]').should('be.visible');",
              "err": {},
              "uuid": "5a8e1896-cb01-474a-9049-d8d7f19e2cf6",
              "parentUUID": "0584a52e-f653-4e04-8953-bb125fc96f09",
              "isHook": false,
              "skipped": true
            },
            {
              "title": "Should not login with invalid email and password",
              "fullTitle": "login Should not login with invalid email and password",
              "timedOut": null,
              "duration": 0,
              "state": "pending",
              "speed": null,
              "pass": false,
              "fail": false,
              "pending": false,
              "context": null,
              "code": "_login.default.loginIncorrectEmailPassword('Sa@gmail.com', 'Password');\ncy.get('[class=\"auth0-global-message auth0-global-message-error\"]').should('be.visible');",
              "err": {},
              "uuid": "b375a114-84dd-406f-ad24-40bcc4b183bf",
              "parentUUID": "0584a52e-f653-4e04-8953-bb125fc96f09",
              "isHook": false,
              "skipped": true
            }
          ],
          "suites": [],
          "passes": [],
          "failures": [],
          "pending": [],
          "skipped": [
            "d6c5a30a-7d26-4e7b-a328-d0069f30edb6",
            "7c4cb834-70d5-4f59-bcb5-81ed98eab719",
            "5a8e1896-cb01-474a-9049-d8d7f19e2cf6",
            "b375a114-84dd-406f-ad24-40bcc4b183bf"
          ],
          "duration": 0,
          "root": false,
          "rootEmpty": false,
          "_timeout": 2000
        }
      ],
      "passes": [],
      "failures": [],
      "pending": [],
      "skipped": [],
      "duration": 0,
      "root": true,
      "rootEmpty": true,
      "_timeout": 2000
    },
    {
      "uuid": "368a627c-dfbe-49e2-b074-2bcd13b634b6",
      "title": "",
      "fullFile": "cypress\\e2e\\test\\login.cy.js",
      "file": "cypress\\e2e\\test\\login.cy.js",
      "beforeHooks": [],
      "afterHooks": [],
      "tests": [],
      "suites": [
        {
          "uuid": "5efb9a8b-5c4f-43ac-989e-4608e02368dd",
          "title": "login",
          "fullFile": "",
          "file": "",
          "beforeHooks": [],
          "afterHooks": [],
          "tests": [
            {
              "title": "Should login with valid credentials",
              "fullTitle": "login Should login with valid credentials",
              "timedOut": null,
              "duration": 0,
              "state": "pending",
              "speed": null,
              "pass": false,
              "fail": false,
              "pending": false,
              "context": null,
              "code": "_login.default.login('Sam@gmail.com', 'Password@1');\ncy.get('.chakra-heading.css-kmq9po').should('be.visible');",
              "err": {},
              "uuid": "d25b4a8a-379a-40eb-b3b5-3c2836ef5129",
              "parentUUID": "5efb9a8b-5c4f-43ac-989e-4608e02368dd",
              "isHook": false,
              "skipped": true
            }
          ],
          "suites": [],
          "passes": [],
          "failures": [],
          "pending": [],
          "skipped": [
            "d25b4a8a-379a-40eb-b3b5-3c2836ef5129"
          ],
          "duration": 0,
          "root": false,
          "rootEmpty": false,
          "_timeout": 2000
        }
      ],
      "passes": [],
      "failures": [],
      "pending": [],
      "skipped": [],
      "duration": 0,
      "root": true,
      "rootEmpty": true,
      "_timeout": 2000
    }
  ],
  "meta": {
    "mocha": {
      "version": "7.0.1"
    },
    "mochawesome": {
      "options": {
        "quiet": false,
        "reportFilename": "mochawesome",
        "saveHtml": false,
        "saveJson": true,
        "consoleReporter": "spec",
        "useInlineDiffs": false,
        "code": true
      },
      "version": "7.1.3"
    },
    "marge": {
      "options": {
        "reportDir": "cypress/reports",
        "overwrite": false,
        "html": false,
        "json": true
      },
      "version": "6.2.0"
    }
  }
}