{
  "stats": {
    "suites": 1,
    "tests": 1,
    "passes": 0,
    "pending": 0,
    "failures": 1,
    "start": "2022-12-05T03:06:45.113Z",
    "end": "2022-12-05T03:06:59.316Z",
    "duration": 14203,
    "testsRegistered": 1,
    "passPercent": 0,
    "pendingPercent": 0,
    "other": 0,
    "hasOther": false,
    "skipped": 0,
    "hasSkipped": false
  },
  "results": [
    {
      "uuid": "6c7f173d-79c4-4917-be3a-f8b2eb6ec7b3",
      "title": "",
      "fullFile": "cypress\\e2e\\test\\addToCart.cy.js",
      "file": "cypress\\e2e\\test\\addToCart.cy.js",
      "beforeHooks": [],
      "afterHooks": [],
      "tests": [],
      "suites": [
        {
          "uuid": "cff2c430-3e03-46ad-b71d-1ebf4929e607",
          "title": "Add To Cart",
          "fullFile": "",
          "file": "",
          "beforeHooks": [],
          "afterHooks": [],
          "tests": [
            {
              "title": "Should add an Item to cart",
              "fullTitle": "Add To Cart Should add an Item to cart",
              "timedOut": null,
              "duration": 14137,
              "state": "failed",
              "speed": null,
              "pass": false,
              "fail": true,
              "pending": false,
              "context": null,
              "code": "_login.default.login('Sam@gmail.com', 'Password@1');\n_addToCart.default.addToCart();\ncy.get('[class=\"snipcart-cart-summary__title snipcart__font--subtitle\"]').should('be.visible');",
              "err": {
                "message": "AssertionError: Timed out retrying after 4000ms: Expected to find element: `.chakra-image.css-2i84d9[src=\"/images/quality-hat-model.jpg\"]`, but never found it.",
                "estack": "AssertionError: Timed out retrying after 4000ms: Expected to find element: `.chakra-image.css-2i84d9[src=\"/images/quality-hat-model.jpg\"]`, but never found it.\n    at addToCart (webpack:///./cypress/e2e/page/addToCart.page.js:11:11)\n    at Context.eval (webpack:///./cypress/e2e/test/addToCart.cy.js:13:22)",
                "diff": null
              },
              "uuid": "fd93f738-27aa-434e-b7c2-c90654263602",
              "parentUUID": "cff2c430-3e03-46ad-b71d-1ebf4929e607",
              "isHook": false,
              "skipped": false
            }
          ],
          "suites": [],
          "passes": [],
          "failures": [
            "fd93f738-27aa-434e-b7c2-c90654263602"
          ],
          "pending": [],
          "skipped": [],
          "duration": 14137,
          "root": false,
          "rootEmpty": false,
          "_timeout": 2000
        }
      ],
      "passes": [],
      "failures": [],
      "pending": [],
      "skipped": [],
      "duration": 0,
      "root": true,
      "rootEmpty": true,
      "_timeout": 2000
    }
  ],
  "meta": {
    "mocha": {
      "version": "7.0.1"
    },
    "mochawesome": {
      "options": {
        "quiet": false,
        "reportFilename": "mochawesome",
        "saveHtml": false,
        "saveJson": true,
        "consoleReporter": "spec",
        "useInlineDiffs": false,
        "code": true
      },
      "version": "7.1.3"
    },
    "marge": {
      "options": {
        "reportDir": "cypress/reports",
        "overwrite": false,
        "html": false,
        "json": true
      },
      "version": "6.2.0"
    }
  }
}