{
  "stats": {
    "suites": 1,
    "tests": 1,
    "passes": 0,
    "pending": 1,
    "failures": 0,
    "start": "2022-12-06T01:59:24.543Z",
    "end": "2022-12-06T01:59:24.574Z",
    "duration": 31,
    "testsRegistered": 1,
    "passPercent": null,
    "pendingPercent": 100,
    "other": 0,
    "hasOther": false,
    "skipped": 1,
    "hasSkipped": true
  },
  "results": [
    {
      "uuid": "b05f0fb7-f3d6-4a79-9305-3565d62be910",
      "title": "",
      "fullFile": "cypress\\e2e\\test\\addToCart.cy.js",
      "file": "cypress\\e2e\\test\\addToCart.cy.js",
      "beforeHooks": [],
      "afterHooks": [],
      "tests": [],
      "suites": [
        {
          "uuid": "d6766e27-af91-4615-b6d2-f784ff7ec82b",
          "title": "Add To Cart",
          "fullFile": "",
          "file": "",
          "beforeHooks": [],
          "afterHooks": [],
          "tests": [
            {
              "title": "Should add an Item to cart",
              "fullTitle": "Add To Cart Should add an Item to cart",
              "timedOut": null,
              "duration": 0,
              "state": "pending",
              "speed": null,
              "pass": false,
              "fail": false,
              "pending": false,
              "context": null,
              "code": "_login.default.login('Sam@gmail.com', 'Password@1');\n_addToCart.default.addToCart();\ncy.get('[class=\"snipcart-cart-summary__title snipcart__font--subtitle\"]').should('be.visible');",
              "err": {},
              "uuid": "30cb2922-5138-4692-bceb-f77d22381f59",
              "parentUUID": "d6766e27-af91-4615-b6d2-f784ff7ec82b",
              "isHook": false,
              "skipped": true
            }
          ],
          "suites": [],
          "passes": [],
          "failures": [],
          "pending": [],
          "skipped": [
            "30cb2922-5138-4692-bceb-f77d22381f59"
          ],
          "duration": 0,
          "root": false,
          "rootEmpty": false,
          "_timeout": 2000
        }
      ],
      "passes": [],
      "failures": [],
      "pending": [],
      "skipped": [],
      "duration": 0,
      "root": true,
      "rootEmpty": true,
      "_timeout": 2000
    }
  ],
  "meta": {
    "mocha": {
      "version": "7.0.1"
    },
    "mochawesome": {
      "options": {
        "quiet": false,
        "reportFilename": "mochawesome",
        "saveHtml": false,
        "saveJson": true,
        "consoleReporter": "spec",
        "useInlineDiffs": false,
        "code": true
      },
      "version": "7.1.3"
    },
    "marge": {
      "options": {
        "reportDir": "cypress/reports",
        "overwrite": false,
        "html": false,
        "json": true
      },
      "version": "6.2.0"
    }
  }
}