{
  "stats": {
    "suites": 1,
    "tests": 3,
    "passes": 0,
    "pending": 0,
    "failures": 3,
    "start": "2022-12-05T19:16:57.229Z",
    "end": "2022-12-05T19:17:15.273Z",
    "duration": 18044,
    "testsRegistered": 3,
    "passPercent": 0,
    "pendingPercent": 0,
    "other": 0,
    "hasOther": false,
    "skipped": 0,
    "hasSkipped": false
  },
  "results": [
    {
      "uuid": "f9b85bca-6f96-4746-9423-c11ce586c413",
      "title": "",
      "fullFile": "cypress\\e2e\\test\\sort.cy.js",
      "file": "cypress\\e2e\\test\\sort.cy.js",
      "beforeHooks": [],
      "afterHooks": [],
      "tests": [],
      "suites": [
        {
          "uuid": "0defc4fd-ae71-4027-9f8b-94e10bfcef68",
          "title": "Filter",
          "fullFile": "",
          "file": "",
          "beforeHooks": [],
          "afterHooks": [],
          "tests": [
            {
              "title": "should sort product list from A-Z",
              "fullTitle": "Filter should sort product list from A-Z",
              "timedOut": null,
              "duration": 6443,
              "state": "failed",
              "speed": null,
              "pass": false,
              "fail": true,
              "pending": false,
              "context": null,
              "code": "_login.default.login('Sam@gmail.com', 'Password@1');\ncy.get('[class=\"chakra-text css-1n64n71\"]').select('az');\nvar productList = ['Quality Fitted Hat', 'Quality Trucker Hat', 'Quality Mousepad', 'Quality Mug', 'Quality Pillow', 'Quality Hooded Sweatshirt', 'Quality Sweatshirt', 'Quality Kids Tshirt', 'Quality Tshirt', 'Quality Vneck', 'Quality Pink Pants', 'Quality Cargo Pants', 'Quality Jeans Pants', 'Quality Blue Shoes', 'Quality Stylish Shoes', 'Quality Heal Shoes', 'Red Couch', 'White Couch', 'Gray Couch', 'Mackbook Pro', 'Dell Laptop', 'HP Laptop'];\nproductList.sort();\ncy.get('[class=\"chakra-text css-1n64n71\"]').each(($elem, index) => {\n  expect($elem.text()).equal(productList[index]);\n});",
              "err": {
                "message": "AssertionError: Timed out retrying after 4000ms: Expected to find element: `[id=\"1-email\"]`, but never found it.",
                "estack": "AssertionError: Timed out retrying after 4000ms: Expected to find element: `[id=\"1-email\"]`, but never found it.\n    at login (webpack:///./cypress/e2e/page/login.page.js:11:11)\n    at Context.eval (webpack:///./cypress/e2e/test/sort.cy.js:10:13)",
                "diff": null
              },
              "uuid": "cf7d2d0c-4c2a-4b2e-ad2b-43872666f051",
              "parentUUID": "0defc4fd-ae71-4027-9f8b-94e10bfcef68",
              "isHook": false,
              "skipped": false
            },
            {
              "title": "should sort product list from low-high",
              "fullTitle": "Filter should sort product list from low-high",
              "timedOut": null,
              "duration": 5775,
              "state": "failed",
              "speed": null,
              "pass": false,
              "fail": true,
              "pending": false,
              "context": null,
              "code": "_login.default.login('standard_user', 'secret_sauce');\ncy.get('.product_sort_container').select('lohi');\nvar productPrice = [29.99, 9.99, 15.99, 49.99, 7.99, 15.99];\nproductPrice.sort();\ncy.get('.inventory_item_price').each(($elem, index) => {\n  expect($elem.text().replace('$', '')).equal(productPrice[index]);\n});",
              "err": {
                "message": "AssertionError: Timed out retrying after 4000ms: Expected to find element: `[id=\"1-email\"]`, but never found it.",
                "estack": "AssertionError: Timed out retrying after 4000ms: Expected to find element: `[id=\"1-email\"]`, but never found it.\n    at login (webpack:///./cypress/e2e/page/login.page.js:11:11)\n    at Context.eval (webpack:///./cypress/e2e/test/sort.cy.js:35:13)",
                "diff": null
              },
              "uuid": "7512a1c4-4f26-4a95-a171-ab7b228ee4f3",
              "parentUUID": "0defc4fd-ae71-4027-9f8b-94e10bfcef68",
              "isHook": false,
              "skipped": false
            },
            {
              "title": "should sort product list from high-low",
              "fullTitle": "Filter should sort product list from high-low",
              "timedOut": null,
              "duration": 5723,
              "state": "failed",
              "speed": null,
              "pass": false,
              "fail": true,
              "pending": false,
              "context": null,
              "code": "_login.default.login('standard_user', 'secret_sauce');\ncy.get('.product_sort_container').select('hilo');\nvar productPrice = [29.99, 9.99, 15.99, 49.99, 7.99, 15.99];\nproductPrice.sort().reverse();\ncy.get('.inventory_item_price').each(($elem, index) => {\n  expect($elem.text()).equal(productPrice[index]);\n});",
              "err": {
                "message": "AssertionError: Timed out retrying after 4000ms: Expected to find element: `[id=\"1-email\"]`, but never found it.",
                "estack": "AssertionError: Timed out retrying after 4000ms: Expected to find element: `[id=\"1-email\"]`, but never found it.\n    at login (webpack:///./cypress/e2e/page/login.page.js:11:11)\n    at Context.eval (webpack:///./cypress/e2e/test/sort.cy.js:48:13)",
                "diff": null
              },
              "uuid": "b178b9d6-fef3-46a3-82c4-55918513bf5c",
              "parentUUID": "0defc4fd-ae71-4027-9f8b-94e10bfcef68",
              "isHook": false,
              "skipped": false
            }
          ],
          "suites": [],
          "passes": [],
          "failures": [
            "cf7d2d0c-4c2a-4b2e-ad2b-43872666f051",
            "7512a1c4-4f26-4a95-a171-ab7b228ee4f3",
            "b178b9d6-fef3-46a3-82c4-55918513bf5c"
          ],
          "pending": [],
          "skipped": [],
          "duration": 17941,
          "root": false,
          "rootEmpty": false,
          "_timeout": 2000
        }
      ],
      "passes": [],
      "failures": [],
      "pending": [],
      "skipped": [],
      "duration": 0,
      "root": true,
      "rootEmpty": true,
      "_timeout": 2000
    }
  ],
  "meta": {
    "mocha": {
      "version": "7.0.1"
    },
    "mochawesome": {
      "options": {
        "quiet": false,
        "reportFilename": "mochawesome",
        "saveHtml": false,
        "saveJson": true,
        "consoleReporter": "spec",
        "useInlineDiffs": false,
        "code": true
      },
      "version": "7.1.3"
    },
    "marge": {
      "options": {
        "reportDir": "cypress/reports",
        "overwrite": false,
        "html": false,
        "json": true
      },
      "version": "6.2.0"
    }
  }
}