{
  "stats": {
    "suites": 1,
    "tests": 4,
    "passes": 0,
    "pending": 0,
    "failures": 4,
    "start": "2022-12-08T00:23:43.967Z",
    "end": "2022-12-08T00:24:12.151Z",
    "duration": 28184,
    "testsRegistered": 4,
    "passPercent": 0,
    "pendingPercent": 0,
    "other": 0,
    "hasOther": false,
    "skipped": 0,
    "hasSkipped": false
  },
  "results": [
    {
      "uuid": "39e617ce-811c-49b9-a692-89e51c2ac597",
      "title": "",
      "fullFile": "cypress\\e2e\\test\\login.cy.js",
      "file": "cypress\\e2e\\test\\login.cy.js",
      "beforeHooks": [],
      "afterHooks": [],
      "tests": [],
      "suites": [
        {
          "uuid": "1df4b939-8dff-4209-bfff-a8a7c9a7b3c2",
          "title": "login",
          "fullFile": "",
          "file": "",
          "beforeHooks": [],
          "afterHooks": [],
          "tests": [
            {
              "title": "Should login with valid credentials",
              "fullTitle": "login Should login with valid credentials",
              "timedOut": null,
              "duration": 10267,
              "state": "failed",
              "speed": null,
              "pass": false,
              "fail": true,
              "pending": false,
              "context": null,
              "code": "_login.default.login('Sam@gmail.com', 'Password@1');\ncy.get('.chakra-heading.css-kmq9po').should('be.visible');",
              "err": {
                "message": "AssertionError: Timed out retrying after 4000ms: Expected to find element: `.chakra-heading.css-kmq9po`, but never found it.",
                "estack": "AssertionError: Timed out retrying after 4000ms: Expected to find element: `.chakra-heading.css-kmq9po`, but never found it.\n    at Context.eval (webpack:///./cypress/e2e/test/login.cy.js:14:45)",
                "diff": null
              },
              "uuid": "245cd53b-43b6-4827-ac93-44f9d3f7e960",
              "parentUUID": "1df4b939-8dff-4209-bfff-a8a7c9a7b3c2",
              "isHook": false,
              "skipped": false
            },
            {
              "title": "Should not login with invalid password",
              "fullTitle": "login Should not login with invalid password",
              "timedOut": null,
              "duration": 6020,
              "state": "failed",
              "speed": null,
              "pass": false,
              "fail": true,
              "pending": false,
              "context": null,
              "code": "_login.default.loginIncorrectPassword('Sam@gmail.com', 'Password');\ncy.get('[class=\"auth0-global-message auth0-global-message-error\"]').should('be.visible');",
              "err": {
                "message": "AssertionError: Timed out retrying after 4000ms: Expected to find element: `[id=\"1-email\"]`, but never found it.",
                "estack": "AssertionError: Timed out retrying after 4000ms: Expected to find element: `[id=\"1-email\"]`, but never found it.\n    at login.loginIncorrectPassword (webpack:///./cypress/e2e/page/login.page.js:18:11)\n    at Context.eval (webpack:///./cypress/e2e/test/login.cy.js:19:13)",
                "diff": null
              },
              "uuid": "b9e68b48-7eac-4a0c-966b-26e1c6e6c4ca",
              "parentUUID": "1df4b939-8dff-4209-bfff-a8a7c9a7b3c2",
              "isHook": false,
              "skipped": false
            },
            {
              "title": "Should not login with invalid email",
              "fullTitle": "login Should not login with invalid email",
              "timedOut": null,
              "duration": 6067,
              "state": "failed",
              "speed": null,
              "pass": false,
              "fail": true,
              "pending": false,
              "context": null,
              "code": "_login.default.loginIncorrectEmail('Sa@gmail.com', 'Password@1');\ncy.get('[class=\"auth0-global-message auth0-global-message-error\"]').should('be.visible');",
              "err": {
                "message": "AssertionError: Timed out retrying after 4000ms: Expected to find element: `[id=\"1-email\"]`, but never found it.",
                "estack": "AssertionError: Timed out retrying after 4000ms: Expected to find element: `[id=\"1-email\"]`, but never found it.\n    at login.loginIncorrectEmail (webpack:///./cypress/e2e/page/login.page.js:25:11)\n    at Context.eval (webpack:///./cypress/e2e/test/login.cy.js:25:13)",
                "diff": null
              },
              "uuid": "ca376a27-1475-453a-a86f-bdcd742abee4",
              "parentUUID": "1df4b939-8dff-4209-bfff-a8a7c9a7b3c2",
              "isHook": false,
              "skipped": false
            },
            {
              "title": "Should not login with invalid email and password",
              "fullTitle": "login Should not login with invalid email and password",
              "timedOut": null,
              "duration": 5668,
              "state": "failed",
              "speed": null,
              "pass": false,
              "fail": true,
              "pending": false,
              "context": null,
              "code": "_login.default.loginIncorrectEmailPassword('Sa@gmail.com', 'Password');\ncy.get('[class=\"auth0-global-message auth0-global-message-error\"]').should('be.visible');",
              "err": {
                "message": "AssertionError: Timed out retrying after 4000ms: Expected to find element: `[id=\"1-email\"]`, but never found it.",
                "estack": "AssertionError: Timed out retrying after 4000ms: Expected to find element: `[id=\"1-email\"]`, but never found it.\n    at login.loginIncorrectEmailPassword (webpack:///./cypress/e2e/page/login.page.js:32:11)\n    at Context.eval (webpack:///./cypress/e2e/test/login.cy.js:31:13)",
                "diff": null
              },
              "uuid": "ca77e25f-9eb0-4cac-8461-e9040116ddf3",
              "parentUUID": "1df4b939-8dff-4209-bfff-a8a7c9a7b3c2",
              "isHook": false,
              "skipped": false
            }
          ],
          "suites": [],
          "passes": [],
          "failures": [
            "245cd53b-43b6-4827-ac93-44f9d3f7e960",
            "b9e68b48-7eac-4a0c-966b-26e1c6e6c4ca",
            "ca376a27-1475-453a-a86f-bdcd742abee4",
            "ca77e25f-9eb0-4cac-8461-e9040116ddf3"
          ],
          "pending": [],
          "skipped": [],
          "duration": 28022,
          "root": false,
          "rootEmpty": false,
          "_timeout": 2000
        }
      ],
      "passes": [],
      "failures": [],
      "pending": [],
      "skipped": [],
      "duration": 0,
      "root": true,
      "rootEmpty": true,
      "_timeout": 2000
    }
  ],
  "meta": {
    "mocha": {
      "version": "7.0.1"
    },
    "mochawesome": {
      "options": {
        "quiet": false,
        "reportFilename": "mochawesome",
        "saveHtml": false,
        "saveJson": true,
        "consoleReporter": "spec",
        "useInlineDiffs": false,
        "code": true
      },
      "version": "7.1.3"
    },
    "marge": {
      "options": {
        "reportDir": "cypress/reports",
        "overwrite": false,
        "html": false,
        "json": true
      },
      "version": "6.2.0"
    }
  }
}