{
  "stats": {
    "suites": 1,
    "tests": 1,
    "passes": 0,
    "pending": 0,
    "failures": 1,
    "start": "2022-12-03T17:34:41.114Z",
    "end": "2022-12-03T17:34:43.618Z",
    "duration": 2504,
    "testsRegistered": 1,
    "passPercent": 0,
    "pendingPercent": 0,
    "other": 0,
    "hasOther": false,
    "skipped": 0,
    "hasSkipped": false
  },
  "results": [
    {
      "uuid": "b529b370-88f3-4dba-abea-780eac0f4470",
      "title": "",
      "fullFile": "cypress\\e2e\\test\\addToCart.cy.js",
      "file": "cypress\\e2e\\test\\addToCart.cy.js",
      "beforeHooks": [],
      "afterHooks": [],
      "tests": [],
      "suites": [
        {
          "uuid": "684b0c12-2955-4650-813a-91793b653bb1",
          "title": "Add To Cart",
          "fullFile": "",
          "file": "",
          "beforeHooks": [],
          "afterHooks": [],
          "tests": [
            {
              "title": "Should add an Item to cart",
              "fullTitle": "Add To Cart Should add an Item to cart",
              "timedOut": null,
              "duration": 2444,
              "state": "failed",
              "speed": null,
              "pass": false,
              "fail": true,
              "pending": false,
              "context": null,
              "code": "Auth.login('Sam@gmail.com', 'Password@1');\n_addToCart.default.addToCart();\ncy.get('[class=\"snipcart-item-line__title snipcart__font--xlarge snipcart__font--secondary snipcart__font--black\"]').should('be.visible');",
              "err": {
                "message": "ReferenceError: Auth is not defined",
                "estack": "ReferenceError: Auth is not defined\n    at Context.eval (webpack:///./cypress/e2e/test/addToCart.cy.js:11:8)",
                "diff": null
              },
              "uuid": "dd637ece-65e0-4b50-ace8-6d5abab8ce2a",
              "parentUUID": "684b0c12-2955-4650-813a-91793b653bb1",
              "isHook": false,
              "skipped": false
            }
          ],
          "suites": [],
          "passes": [],
          "failures": [
            "dd637ece-65e0-4b50-ace8-6d5abab8ce2a"
          ],
          "pending": [],
          "skipped": [],
          "duration": 2444,
          "root": false,
          "rootEmpty": false,
          "_timeout": 2000
        }
      ],
      "passes": [],
      "failures": [],
      "pending": [],
      "skipped": [],
      "duration": 0,
      "root": true,
      "rootEmpty": true,
      "_timeout": 2000
    }
  ],
  "meta": {
    "mocha": {
      "version": "7.0.1"
    },
    "mochawesome": {
      "options": {
        "quiet": false,
        "reportFilename": "mochawesome",
        "saveHtml": false,
        "saveJson": true,
        "consoleReporter": "spec",
        "useInlineDiffs": false,
        "code": true
      },
      "version": "7.1.3"
    },
    "marge": {
      "options": {
        "reportDir": "cypress/reports",
        "overwrite": false,
        "html": false,
        "json": true
      },
      "version": "6.2.0"
    }
  }
}