{
  "stats": {
    "suites": 1,
    "tests": 1,
    "passes": 0,
    "pending": 2,
    "failures": -1,
    "start": "2022-12-03T16:52:18.794Z",
    "end": "2022-12-03T16:52:18.820Z",
    "duration": 26,
    "testsRegistered": 2,
    "passPercent": null,
    "pendingPercent": 100,
    "other": 1,
    "hasOther": true,
    "skipped": 2,
    "hasSkipped": true
  },
  "results": [
    {
      "uuid": "2f6afa48-3990-4f87-8eb0-8dd46fc22eef",
      "title": "",
      "fullFile": "cypress\\e2e\\test\\login.cy.js",
      "file": "cypress\\e2e\\test\\login.cy.js",
      "beforeHooks": [],
      "afterHooks": [],
      "tests": [],
      "suites": [
        {
          "uuid": "d8199b25-cb61-4f74-a91c-2134bc75c858",
          "title": "login",
          "fullFile": "",
          "file": "",
          "beforeHooks": [],
          "afterHooks": [],
          "tests": [
            {
              "title": "Should login with valid credentials",
              "fullTitle": "login Should login with valid credentials",
              "timedOut": null,
              "duration": 0,
              "state": "pending",
              "speed": null,
              "pass": false,
              "fail": false,
              "pending": false,
              "context": null,
              "code": "_login.default.login('Sam@gmail.com', 'Password@1');\ncy.get('.chakra-heading.css-kmq9po').should('be.visible');",
              "err": {},
              "uuid": "c25232e5-0ac4-46d0-b8d6-10b61920805a",
              "parentUUID": "d8199b25-cb61-4f74-a91c-2134bc75c858",
              "isHook": false,
              "skipped": true
            },
            {
              "title": "Should login with valid credentials",
              "fullTitle": "login Should login with valid credentials",
              "timedOut": null,
              "duration": 0,
              "state": "pending",
              "speed": null,
              "pass": false,
              "fail": false,
              "pending": false,
              "context": null,
              "code": "_login.default.loginIncorrectPassword('Sam@gmail.com', 'Password');\ncy.get('[class=\"auth0-global-message auth0-global-message-error\"]').should('be.visible');",
              "err": {},
              "uuid": "95d0d39b-800c-46d3-874d-27698dfa9f80",
              "parentUUID": "d8199b25-cb61-4f74-a91c-2134bc75c858",
              "isHook": false,
              "skipped": true
            }
          ],
          "suites": [],
          "passes": [],
          "failures": [],
          "pending": [],
          "skipped": [
            "c25232e5-0ac4-46d0-b8d6-10b61920805a",
            "95d0d39b-800c-46d3-874d-27698dfa9f80"
          ],
          "duration": 0,
          "root": false,
          "rootEmpty": false,
          "_timeout": 2000
        }
      ],
      "passes": [],
      "failures": [],
      "pending": [],
      "skipped": [],
      "duration": 0,
      "root": true,
      "rootEmpty": true,
      "_timeout": 2000
    }
  ],
  "meta": {
    "mocha": {
      "version": "7.0.1"
    },
    "mochawesome": {
      "options": {
        "quiet": false,
        "reportFilename": "mochawesome",
        "saveHtml": false,
        "saveJson": true,
        "consoleReporter": "spec",
        "useInlineDiffs": false,
        "code": true
      },
      "version": "7.1.3"
    },
    "marge": {
      "options": {
        "reportDir": "cypress/reports",
        "overwrite": false,
        "html": false,
        "json": true
      },
      "version": "6.2.0"
    }
  }
}