{
  "stats": {
    "suites": 1,
    "tests": 4,
    "passes": 0,
    "pending": 0,
    "failures": 4,
    "start": "2022-12-06T15:39:17.999Z",
    "end": "2022-12-06T15:39:42.773Z",
    "duration": 24774,
    "testsRegistered": 4,
    "passPercent": 0,
    "pendingPercent": 0,
    "other": 0,
    "hasOther": false,
    "skipped": 0,
    "hasSkipped": false
  },
  "results": [
    {
      "uuid": "fdc1709c-1298-4791-a2fd-44b6bdebc429",
      "title": "",
      "fullFile": "cypress\\e2e\\test\\login.cy.js",
      "file": "cypress\\e2e\\test\\login.cy.js",
      "beforeHooks": [],
      "afterHooks": [],
      "tests": [],
      "suites": [
        {
          "uuid": "07ba7efe-f82f-4781-b74c-2e397c11bd61",
          "title": "login",
          "fullFile": "",
          "file": "",
          "beforeHooks": [],
          "afterHooks": [],
          "tests": [
            {
              "title": "Should login with valid credentials",
              "fullTitle": "login Should login with valid credentials",
              "timedOut": null,
              "duration": 6954,
              "state": "failed",
              "speed": null,
              "pass": false,
              "fail": true,
              "pending": false,
              "context": null,
              "code": "_login.default.login('Sam@gmail.com', 'Password@1');\ncy.get('.chakra-heading.css-kmq9po').should('be.visible');",
              "err": {
                "message": "AssertionError: Timed out retrying after 4000ms: Expected to find element: `[id=\"1-email\"]`, but never found it.",
                "estack": "AssertionError: Timed out retrying after 4000ms: Expected to find element: `[id=\"1-email\"]`, but never found it.\n    at login (webpack:///./cypress/e2e/page/login.page.js:11:11)\n    at Context.eval (webpack:///./cypress/e2e/test/login.cy.js:10:13)",
                "diff": null
              },
              "uuid": "8e40cfe1-e79d-45e4-aaa5-7e20184ce5ec",
              "parentUUID": "07ba7efe-f82f-4781-b74c-2e397c11bd61",
              "isHook": false,
              "skipped": false
            },
            {
              "title": "Should not login with invalid password",
              "fullTitle": "login Should not login with invalid password",
              "timedOut": null,
              "duration": 5963,
              "state": "failed",
              "speed": null,
              "pass": false,
              "fail": true,
              "pending": false,
              "context": null,
              "code": "_login.default.loginIncorrectPassword('Sam@gmail.com', 'Password');\ncy.get('[class=\"auth0-global-message auth0-global-message-error\"]').should('be.visible');",
              "err": {
                "message": "AssertionError: Timed out retrying after 4000ms: Expected to find element: `[id=\"1-email\"]`, but never found it.",
                "estack": "AssertionError: Timed out retrying after 4000ms: Expected to find element: `[id=\"1-email\"]`, but never found it.\n    at login.loginIncorrectPassword (webpack:///./cypress/e2e/page/login.page.js:18:11)\n    at Context.eval (webpack:///./cypress/e2e/test/login.cy.js:16:13)",
                "diff": null
              },
              "uuid": "1400ddc3-797e-4168-8d74-9f0ac721f844",
              "parentUUID": "07ba7efe-f82f-4781-b74c-2e397c11bd61",
              "isHook": false,
              "skipped": false
            },
            {
              "title": "Should not login with invalid email",
              "fullTitle": "login Should not login with invalid email",
              "timedOut": null,
              "duration": 5750,
              "state": "failed",
              "speed": null,
              "pass": false,
              "fail": true,
              "pending": false,
              "context": null,
              "code": "_login.default.loginIncorrectEmail('Sa@gmail.com', 'Password@1');\ncy.get('[class=\"auth0-global-message auth0-global-message-error\"]').should('be.visible');",
              "err": {
                "message": "AssertionError: Timed out retrying after 4000ms: Expected to find element: `[id=\"1-email\"]`, but never found it.",
                "estack": "AssertionError: Timed out retrying after 4000ms: Expected to find element: `[id=\"1-email\"]`, but never found it.\n    at login.loginIncorrectEmail (webpack:///./cypress/e2e/page/login.page.js:25:11)\n    at Context.eval (webpack:///./cypress/e2e/test/login.cy.js:22:13)",
                "diff": null
              },
              "uuid": "b42dfd7f-25c8-493f-a7b9-204c2bd9456e",
              "parentUUID": "07ba7efe-f82f-4781-b74c-2e397c11bd61",
              "isHook": false,
              "skipped": false
            },
            {
              "title": "Should not login with invalid email and password",
              "fullTitle": "login Should not login with invalid email and password",
              "timedOut": null,
              "duration": 5992,
              "state": "failed",
              "speed": null,
              "pass": false,
              "fail": true,
              "pending": false,
              "context": null,
              "code": "_login.default.loginIncorrectEmailPassword('Sa@gmail.com', 'Password');\ncy.get('[class=\"auth0-global-message auth0-global-message-error\"]').should('be.visible');",
              "err": {
                "message": "AssertionError: Timed out retrying after 4000ms: Expected to find element: `[id=\"1-email\"]`, but never found it.",
                "estack": "AssertionError: Timed out retrying after 4000ms: Expected to find element: `[id=\"1-email\"]`, but never found it.\n    at login.loginIncorrectEmailPassword (webpack:///./cypress/e2e/page/login.page.js:32:11)\n    at Context.eval (webpack:///./cypress/e2e/test/login.cy.js:28:13)",
                "diff": null
              },
              "uuid": "a0ad442a-f645-4d09-ae8e-6c4eb1e876b3",
              "parentUUID": "07ba7efe-f82f-4781-b74c-2e397c11bd61",
              "isHook": false,
              "skipped": false
            }
          ],
          "suites": [],
          "passes": [],
          "failures": [
            "8e40cfe1-e79d-45e4-aaa5-7e20184ce5ec",
            "1400ddc3-797e-4168-8d74-9f0ac721f844",
            "b42dfd7f-25c8-493f-a7b9-204c2bd9456e",
            "a0ad442a-f645-4d09-ae8e-6c4eb1e876b3"
          ],
          "pending": [],
          "skipped": [],
          "duration": 24659,
          "root": false,
          "rootEmpty": false,
          "_timeout": 2000
        }
      ],
      "passes": [],
      "failures": [],
      "pending": [],
      "skipped": [],
      "duration": 0,
      "root": true,
      "rootEmpty": true,
      "_timeout": 2000
    }
  ],
  "meta": {
    "mocha": {
      "version": "7.0.1"
    },
    "mochawesome": {
      "options": {
        "quiet": false,
        "reportFilename": "mochawesome",
        "saveHtml": false,
        "saveJson": true,
        "consoleReporter": "spec",
        "useInlineDiffs": false,
        "code": true
      },
      "version": "7.1.3"
    },
    "marge": {
      "options": {
        "reportDir": "cypress/reports",
        "overwrite": false,
        "html": false,
        "json": true
      },
      "version": "6.2.0"
    }
  }
}