{
  "stats": {
    "suites": 1,
    "tests": 3,
    "passes": 3,
    "pending": 0,
    "failures": 0,
    "start": "2022-12-07T00:52:47.468Z",
    "end": "2022-12-07T00:52:54.051Z",
    "duration": 6583,
    "testsRegistered": 3,
    "passPercent": 100,
    "pendingPercent": 0,
    "other": 0,
    "hasOther": false,
    "skipped": 0,
    "hasSkipped": false
  },
  "results": [
    {
      "uuid": "59528fc3-aae4-4f4c-9b35-773e46d9619d",
      "title": "",
      "fullFile": "cypress\\e2e\\test\\contact.cy.js",
      "file": "cypress\\e2e\\test\\contact.cy.js",
      "beforeHooks": [],
      "afterHooks": [],
      "tests": [],
      "suites": [
        {
          "uuid": "b8a41a53-e092-40b0-8959-cb30a6a44ce6",
          "title": "Conact",
          "fullFile": "",
          "file": "",
          "beforeHooks": [],
          "afterHooks": [],
          "tests": [
            {
              "title": "Should be taken to the contact page",
              "fullTitle": "Conact Should be taken to the contact page",
              "timedOut": null,
              "duration": 1876,
              "state": "passed",
              "speed": "fast",
              "pass": true,
              "fail": false,
              "pending": false,
              "context": null,
              "code": "_contact.default.contact();\ncy.get('.chakra-heading.css-z59od').should('be.visible');",
              "err": {},
              "uuid": "1d944544-b29f-4b8a-ad09-24248795b7ba",
              "parentUUID": "b8a41a53-e092-40b0-8959-cb30a6a44ce6",
              "isHook": false,
              "skipped": false
            },
            {
              "title": "Should be able to successfully send a message",
              "fullTitle": "Conact Should be able to successfully send a message",
              "timedOut": null,
              "duration": 2670,
              "state": "passed",
              "speed": "fast",
              "pass": true,
              "fail": false,
              "pending": false,
              "context": null,
              "code": "_contact.default.contactMessage('Sam', 'Dawson', 'Sam@gmail.com', 'Quality Camp', 'Quality Camp 2022');\ncy.get('[class=\"css-njbp03\"]').should('be.visible');",
              "err": {},
              "uuid": "43593934-ed69-43c1-8b39-6f27b2f0e818",
              "parentUUID": "b8a41a53-e092-40b0-8959-cb30a6a44ce6",
              "isHook": false,
              "skipped": false
            },
            {
              "title": "Should not be able to send a message without Mandatory field inserted",
              "fullTitle": "Conact Should not be able to send a message without Mandatory field inserted",
              "timedOut": null,
              "duration": 1960,
              "state": "passed",
              "speed": "fast",
              "pass": true,
              "fail": false,
              "pending": false,
              "context": null,
              "code": "_contact.default.mandatoryFristName('Dawson', 'Sam@gmail.com', 'Quality Camp', 'Quality Camp 2022');\ncy.get('[class=\"chakra-form__error-message css-170ki1a\"]').should('be.visible');",
              "err": {},
              "uuid": "768b324a-9332-4037-848c-5478beea40ba",
              "parentUUID": "b8a41a53-e092-40b0-8959-cb30a6a44ce6",
              "isHook": false,
              "skipped": false
            }
          ],
          "suites": [],
          "passes": [
            "1d944544-b29f-4b8a-ad09-24248795b7ba",
            "43593934-ed69-43c1-8b39-6f27b2f0e818",
            "768b324a-9332-4037-848c-5478beea40ba"
          ],
          "failures": [],
          "pending": [],
          "skipped": [],
          "duration": 6506,
          "root": false,
          "rootEmpty": false,
          "_timeout": 2000
        }
      ],
      "passes": [],
      "failures": [],
      "pending": [],
      "skipped": [],
      "duration": 0,
      "root": true,
      "rootEmpty": true,
      "_timeout": 2000
    }
  ],
  "meta": {
    "mocha": {
      "version": "7.0.1"
    },
    "mochawesome": {
      "options": {
        "quiet": false,
        "reportFilename": "mochawesome",
        "saveHtml": false,
        "saveJson": true,
        "consoleReporter": "spec",
        "useInlineDiffs": false,
        "code": true
      },
      "version": "7.1.3"
    },
    "marge": {
      "options": {
        "reportDir": "cypress/reports",
        "overwrite": false,
        "html": false,
        "json": true
      },
      "version": "6.2.0"
    }
  }
}