{
  "stats": {
    "suites": 1,
    "tests": 1,
    "passes": 0,
    "pending": 0,
    "failures": 1,
    "start": "2022-12-06T02:13:04.521Z",
    "end": "2022-12-06T02:13:16.648Z",
    "duration": 12127,
    "testsRegistered": 1,
    "passPercent": 0,
    "pendingPercent": 0,
    "other": 0,
    "hasOther": false,
    "skipped": 0,
    "hasSkipped": false
  },
  "results": [
    {
      "uuid": "188d84b6-58e6-445e-b061-3e817de31da7",
      "title": "",
      "fullFile": "cypress\\e2e\\test\\contact.cy.js",
      "file": "cypress\\e2e\\test\\contact.cy.js",
      "beforeHooks": [],
      "afterHooks": [],
      "tests": [],
      "suites": [
        {
          "uuid": "38487d7a-76e8-4847-b149-2f3e13a7109c",
          "title": "Conact",
          "fullFile": "",
          "file": "",
          "beforeHooks": [],
          "afterHooks": [],
          "tests": [
            {
              "title": "Should be taken to the contact page",
              "fullTitle": "Conact Should be taken to the contact page",
              "timedOut": null,
              "duration": 12067,
              "state": "failed",
              "speed": null,
              "pass": false,
              "fail": true,
              "pending": false,
              "context": null,
              "code": "_contact.default.contact('Sam@gmail.com', 'Password@1');\ncy.get('.chakra-heading.css-z59od').should('be.visible');",
              "err": {
                "message": "AssertionError: Timed out retrying after 4000ms: Expected to find element: `#top-contact`, but never found it.",
                "estack": "AssertionError: Timed out retrying after 4000ms: Expected to find element: `#top-contact`, but never found it.\n    at contact (webpack:///./cypress/e2e/page/contact.page.js:18:11)\n    at Context.eval (webpack:///./cypress/e2e/test/contact.cy.js:10:20)",
                "diff": null
              },
              "uuid": "c02a58e0-12b0-458c-97b8-38f7ddffbf10",
              "parentUUID": "38487d7a-76e8-4847-b149-2f3e13a7109c",
              "isHook": false,
              "skipped": false
            }
          ],
          "suites": [],
          "passes": [],
          "failures": [
            "c02a58e0-12b0-458c-97b8-38f7ddffbf10"
          ],
          "pending": [],
          "skipped": [],
          "duration": 12067,
          "root": false,
          "rootEmpty": false,
          "_timeout": 2000
        }
      ],
      "passes": [],
      "failures": [],
      "pending": [],
      "skipped": [],
      "duration": 0,
      "root": true,
      "rootEmpty": true,
      "_timeout": 2000
    }
  ],
  "meta": {
    "mocha": {
      "version": "7.0.1"
    },
    "mochawesome": {
      "options": {
        "quiet": false,
        "reportFilename": "mochawesome",
        "saveHtml": false,
        "saveJson": true,
        "consoleReporter": "spec",
        "useInlineDiffs": false,
        "code": true
      },
      "version": "7.1.3"
    },
    "marge": {
      "options": {
        "reportDir": "cypress/reports",
        "overwrite": false,
        "html": false,
        "json": true
      },
      "version": "6.2.0"
    }
  }
}