{
  "stats": {
    "suites": 1,
    "tests": 1,
    "passes": 0,
    "pending": 3,
    "failures": -2,
    "start": "2022-12-03T16:58:19.851Z",
    "end": "2022-12-03T16:58:19.883Z",
    "duration": 32,
    "testsRegistered": 3,
    "passPercent": null,
    "pendingPercent": 100,
    "other": 2,
    "hasOther": true,
    "skipped": 3,
    "hasSkipped": true
  },
  "results": [
    {
      "uuid": "77d9f23c-4b13-4a4e-9685-3d0ae685c27a",
      "title": "",
      "fullFile": "cypress\\e2e\\test\\login.cy.js",
      "file": "cypress\\e2e\\test\\login.cy.js",
      "beforeHooks": [],
      "afterHooks": [],
      "tests": [],
      "suites": [
        {
          "uuid": "d030442b-4550-4966-b687-69dafb9ad48e",
          "title": "login",
          "fullFile": "",
          "file": "",
          "beforeHooks": [],
          "afterHooks": [],
          "tests": [
            {
              "title": "Should login with valid credentials",
              "fullTitle": "login Should login with valid credentials",
              "timedOut": null,
              "duration": 0,
              "state": "pending",
              "speed": null,
              "pass": false,
              "fail": false,
              "pending": false,
              "context": null,
              "code": "_login.default.login('Sam@gmail.com', 'Password@1');\ncy.get('.chakra-heading.css-kmq9po').should('be.visible');",
              "err": {},
              "uuid": "16c6de33-58ad-456c-9ab5-b5888f28def1",
              "parentUUID": "d030442b-4550-4966-b687-69dafb9ad48e",
              "isHook": false,
              "skipped": true
            },
            {
              "title": "Should not login with invalid password",
              "fullTitle": "login Should not login with invalid password",
              "timedOut": null,
              "duration": 0,
              "state": "pending",
              "speed": null,
              "pass": false,
              "fail": false,
              "pending": false,
              "context": null,
              "code": "_login.default.loginIncorrectPassword('Sam@gmail.com', 'Password');\ncy.get('[class=\"auth0-global-message auth0-global-message-error\"]').should('be.visible');",
              "err": {},
              "uuid": "12f36847-1530-4385-a0e1-0da42dbb0f58",
              "parentUUID": "d030442b-4550-4966-b687-69dafb9ad48e",
              "isHook": false,
              "skipped": true
            },
            {
              "title": "Should not login with invalid email",
              "fullTitle": "login Should not login with invalid email",
              "timedOut": null,
              "duration": 0,
              "state": "pending",
              "speed": null,
              "pass": false,
              "fail": false,
              "pending": false,
              "context": null,
              "code": "_login.default.loginIncorrectEmail('Sa@gmail.com', 'Password@1');\ncy.get('[class=\"auth0-global-message auth0-global-message-error\"]').should('be.visible');",
              "err": {},
              "uuid": "0a85cc54-6764-4812-ba62-602c425e510a",
              "parentUUID": "d030442b-4550-4966-b687-69dafb9ad48e",
              "isHook": false,
              "skipped": true
            }
          ],
          "suites": [],
          "passes": [],
          "failures": [],
          "pending": [],
          "skipped": [
            "16c6de33-58ad-456c-9ab5-b5888f28def1",
            "12f36847-1530-4385-a0e1-0da42dbb0f58",
            "0a85cc54-6764-4812-ba62-602c425e510a"
          ],
          "duration": 0,
          "root": false,
          "rootEmpty": false,
          "_timeout": 2000
        }
      ],
      "passes": [],
      "failures": [],
      "pending": [],
      "skipped": [],
      "duration": 0,
      "root": true,
      "rootEmpty": true,
      "_timeout": 2000
    }
  ],
  "meta": {
    "mocha": {
      "version": "7.0.1"
    },
    "mochawesome": {
      "options": {
        "quiet": false,
        "reportFilename": "mochawesome",
        "saveHtml": false,
        "saveJson": true,
        "consoleReporter": "spec",
        "useInlineDiffs": false,
        "code": true
      },
      "version": "7.1.3"
    },
    "marge": {
      "options": {
        "reportDir": "cypress/reports",
        "overwrite": false,
        "html": false,
        "json": true
      },
      "version": "6.2.0"
    }
  }
}