{
  "stats": {
    "suites": 1,
    "tests": 4,
    "passes": 0,
    "pending": 0,
    "failures": 4,
    "start": "2022-12-07T00:52:57.718Z",
    "end": "2022-12-07T00:53:26.136Z",
    "duration": 28418,
    "testsRegistered": 4,
    "passPercent": 0,
    "pendingPercent": 0,
    "other": 0,
    "hasOther": false,
    "skipped": 0,
    "hasSkipped": false
  },
  "results": [
    {
      "uuid": "fba11ffd-65d7-45f8-b089-9bc4c70f9bfb",
      "title": "",
      "fullFile": "cypress\\e2e\\test\\login.cy.js",
      "file": "cypress\\e2e\\test\\login.cy.js",
      "beforeHooks": [],
      "afterHooks": [],
      "tests": [],
      "suites": [
        {
          "uuid": "bcc61e40-d08a-43ef-9e7c-7bd8d60d5a24",
          "title": "login",
          "fullFile": "",
          "file": "",
          "beforeHooks": [],
          "afterHooks": [],
          "tests": [
            {
              "title": "Should login with valid credentials",
              "fullTitle": "login Should login with valid credentials",
              "timedOut": null,
              "duration": 10746,
              "state": "failed",
              "speed": null,
              "pass": false,
              "fail": true,
              "pending": false,
              "context": null,
              "code": "_login.default.login('Sam@gmail.com', 'Password@1');\ncy.get('.chakra-heading.css-kmq9po').should('be.visible');",
              "err": {
                "message": "AssertionError: Timed out retrying after 4000ms: Expected to find element: `.chakra-heading.css-kmq9po`, but never found it.",
                "estack": "AssertionError: Timed out retrying after 4000ms: Expected to find element: `.chakra-heading.css-kmq9po`, but never found it.\n    at Context.eval (webpack:///./cypress/e2e/test/login.cy.js:14:45)",
                "diff": null
              },
              "uuid": "8ecbdfa3-bf5e-4fe4-a523-53b26e3afe58",
              "parentUUID": "bcc61e40-d08a-43ef-9e7c-7bd8d60d5a24",
              "isHook": false,
              "skipped": false
            },
            {
              "title": "Should not login with invalid password",
              "fullTitle": "login Should not login with invalid password",
              "timedOut": null,
              "duration": 6233,
              "state": "failed",
              "speed": null,
              "pass": false,
              "fail": true,
              "pending": false,
              "context": null,
              "code": "_login.default.loginIncorrectPassword('Sam@gmail.com', 'Password');\ncy.get('[class=\"auth0-global-message auth0-global-message-error\"]').should('be.visible');",
              "err": {
                "message": "AssertionError: Timed out retrying after 4000ms: Expected to find element: `[id=\"1-email\"]`, but never found it.",
                "estack": "AssertionError: Timed out retrying after 4000ms: Expected to find element: `[id=\"1-email\"]`, but never found it.\n    at login.loginIncorrectPassword (webpack:///./cypress/e2e/page/login.page.js:18:11)\n    at Context.eval (webpack:///./cypress/e2e/test/login.cy.js:19:13)",
                "diff": null
              },
              "uuid": "22368d22-bb81-454f-83ac-08036b9676e7",
              "parentUUID": "bcc61e40-d08a-43ef-9e7c-7bd8d60d5a24",
              "isHook": false,
              "skipped": false
            },
            {
              "title": "Should not login with invalid email",
              "fullTitle": "login Should not login with invalid email",
              "timedOut": null,
              "duration": 5816,
              "state": "failed",
              "speed": null,
              "pass": false,
              "fail": true,
              "pending": false,
              "context": null,
              "code": "_login.default.loginIncorrectEmail('Sa@gmail.com', 'Password@1');\ncy.get('[class=\"auth0-global-message auth0-global-message-error\"]').should('be.visible');",
              "err": {
                "message": "AssertionError: Timed out retrying after 4000ms: Expected to find element: `[id=\"1-email\"]`, but never found it.",
                "estack": "AssertionError: Timed out retrying after 4000ms: Expected to find element: `[id=\"1-email\"]`, but never found it.\n    at login.loginIncorrectEmail (webpack:///./cypress/e2e/page/login.page.js:25:11)\n    at Context.eval (webpack:///./cypress/e2e/test/login.cy.js:25:13)",
                "diff": null
              },
              "uuid": "d3eb51ef-296a-4918-bb05-02b7b481fc88",
              "parentUUID": "bcc61e40-d08a-43ef-9e7c-7bd8d60d5a24",
              "isHook": false,
              "skipped": false
            },
            {
              "title": "Should not login with invalid email and password",
              "fullTitle": "login Should not login with invalid email and password",
              "timedOut": null,
              "duration": 5456,
              "state": "failed",
              "speed": null,
              "pass": false,
              "fail": true,
              "pending": false,
              "context": null,
              "code": "_login.default.loginIncorrectEmailPassword('Sa@gmail.com', 'Password');\ncy.get('[class=\"auth0-global-message auth0-global-message-error\"]').should('be.visible');",
              "err": {
                "message": "AssertionError: Timed out retrying after 4000ms: Expected to find element: `[id=\"1-email\"]`, but never found it.",
                "estack": "AssertionError: Timed out retrying after 4000ms: Expected to find element: `[id=\"1-email\"]`, but never found it.\n    at login.loginIncorrectEmailPassword (webpack:///./cypress/e2e/page/login.page.js:32:11)\n    at Context.eval (webpack:///./cypress/e2e/test/login.cy.js:31:13)",
                "diff": null
              },
              "uuid": "54aae543-8f3d-4304-8fa4-b631c2a6a42e",
              "parentUUID": "bcc61e40-d08a-43ef-9e7c-7bd8d60d5a24",
              "isHook": false,
              "skipped": false
            }
          ],
          "suites": [],
          "passes": [],
          "failures": [
            "8ecbdfa3-bf5e-4fe4-a523-53b26e3afe58",
            "22368d22-bb81-454f-83ac-08036b9676e7",
            "d3eb51ef-296a-4918-bb05-02b7b481fc88",
            "54aae543-8f3d-4304-8fa4-b631c2a6a42e"
          ],
          "pending": [],
          "skipped": [],
          "duration": 28251,
          "root": false,
          "rootEmpty": false,
          "_timeout": 2000
        }
      ],
      "passes": [],
      "failures": [],
      "pending": [],
      "skipped": [],
      "duration": 0,
      "root": true,
      "rootEmpty": true,
      "_timeout": 2000
    }
  ],
  "meta": {
    "mocha": {
      "version": "7.0.1"
    },
    "mochawesome": {
      "options": {
        "quiet": false,
        "reportFilename": "mochawesome",
        "saveHtml": false,
        "saveJson": true,
        "consoleReporter": "spec",
        "useInlineDiffs": false,
        "code": true
      },
      "version": "7.1.3"
    },
    "marge": {
      "options": {
        "reportDir": "cypress/reports",
        "overwrite": false,
        "html": false,
        "json": true
      },
      "version": "6.2.0"
    }
  }
}