{
  "stats": {
    "suites": 1,
    "tests": 3,
    "passes": 0,
    "pending": 0,
    "failures": 3,
    "start": "2022-12-08T00:23:20.912Z",
    "end": "2022-12-08T00:23:39.080Z",
    "duration": 18168,
    "testsRegistered": 3,
    "passPercent": 0,
    "pendingPercent": 0,
    "other": 0,
    "hasOther": false,
    "skipped": 0,
    "hasSkipped": false
  },
  "results": [
    {
      "uuid": "c715c069-6a08-467e-9166-387b360f8e8d",
      "title": "",
      "fullFile": "cypress\\e2e\\test\\contact.cy.js",
      "file": "cypress\\e2e\\test\\contact.cy.js",
      "beforeHooks": [],
      "afterHooks": [],
      "tests": [],
      "suites": [
        {
          "uuid": "06b53d1f-b28d-47fa-b87d-d87632f321ce",
          "title": "Conact",
          "fullFile": "",
          "file": "",
          "beforeHooks": [],
          "afterHooks": [],
          "tests": [
            {
              "title": "Should be taken to the contact page",
              "fullTitle": "Conact Should be taken to the contact page",
              "timedOut": null,
              "duration": 5554,
              "state": "failed",
              "speed": null,
              "pass": false,
              "fail": true,
              "pending": false,
              "context": null,
              "code": "_contact.default.contact();\ncy.get('.chakra-heading.css-z59od').should('be.visible');",
              "err": {
                "message": "AssertionError: Timed out retrying after 4000ms: Expected to find element: `#top-contact`, but never found it.",
                "estack": "AssertionError: Timed out retrying after 4000ms: Expected to find element: `#top-contact`, but never found it.\n    at contact (webpack:///./cypress/e2e/page/contact.page.js:24:11)\n    at Context.eval (webpack:///./cypress/e2e/test/contact.cy.js:10:20)",
                "diff": null
              },
              "uuid": "252e5a6a-fbb5-4d46-9a64-ebcffaed4044",
              "parentUUID": "06b53d1f-b28d-47fa-b87d-d87632f321ce",
              "isHook": false,
              "skipped": false
            },
            {
              "title": "Should be able to successfully send a message",
              "fullTitle": "Conact Should be able to successfully send a message",
              "timedOut": null,
              "duration": 5226,
              "state": "failed",
              "speed": null,
              "pass": false,
              "fail": true,
              "pending": false,
              "context": null,
              "code": "_contact.default.contactMessage('Sam', 'Dawson', 'Sam@gmail.com', 'Quality Camp', 'Quality Camp 2022');\ncy.get('[class=\"css-njbp03\"]').should('be.visible');",
              "err": {
                "message": "AssertionError: Timed out retrying after 4000ms: Expected to find element: `#top-contact`, but never found it.",
                "estack": "AssertionError: Timed out retrying after 4000ms: Expected to find element: `#top-contact`, but never found it.\n    at contact.contactMessage (webpack:///./cypress/e2e/page/contact.page.js:28:11)\n    at Context.eval (webpack:///./cypress/e2e/test/contact.cy.js:16:20)",
                "diff": null
              },
              "uuid": "10b70d84-c4bb-4a02-9178-b05bf35fb382",
              "parentUUID": "06b53d1f-b28d-47fa-b87d-d87632f321ce",
              "isHook": false,
              "skipped": false
            },
            {
              "title": "Should not be able to send a message without Mandatory field inserted",
              "fullTitle": "Conact Should not be able to send a message without Mandatory field inserted",
              "timedOut": null,
              "duration": 5266,
              "state": "failed",
              "speed": null,
              "pass": false,
              "fail": true,
              "pending": false,
              "context": null,
              "code": "_contact.default.mandatoryFristName('Dawson', 'Sam@gmail.com', 'Quality Camp', 'Quality Camp 2022');\ncy.get('[class=\"chakra-form__error-message css-170ki1a\"]').should('be.visible');",
              "err": {
                "message": "AssertionError: Timed out retrying after 4000ms: Expected to find element: `#top-contact`, but never found it.",
                "estack": "AssertionError: Timed out retrying after 4000ms: Expected to find element: `#top-contact`, but never found it.\n    at contact.mandatoryFristName (webpack:///./cypress/e2e/page/contact.page.js:39:11)\n    at Context.eval (webpack:///./cypress/e2e/test/contact.cy.js:22:20)",
                "diff": null
              },
              "uuid": "797f3d2e-38db-460f-acc2-ec822fa292d4",
              "parentUUID": "06b53d1f-b28d-47fa-b87d-d87632f321ce",
              "isHook": false,
              "skipped": false
            }
          ],
          "suites": [],
          "passes": [],
          "failures": [
            "252e5a6a-fbb5-4d46-9a64-ebcffaed4044",
            "10b70d84-c4bb-4a02-9178-b05bf35fb382",
            "797f3d2e-38db-460f-acc2-ec822fa292d4"
          ],
          "pending": [],
          "skipped": [],
          "duration": 16046,
          "root": false,
          "rootEmpty": false,
          "_timeout": 2000
        }
      ],
      "passes": [],
      "failures": [],
      "pending": [],
      "skipped": [],
      "duration": 0,
      "root": true,
      "rootEmpty": true,
      "_timeout": 2000
    }
  ],
  "meta": {
    "mocha": {
      "version": "7.0.1"
    },
    "mochawesome": {
      "options": {
        "quiet": false,
        "reportFilename": "mochawesome",
        "saveHtml": false,
        "saveJson": true,
        "consoleReporter": "spec",
        "useInlineDiffs": false,
        "code": true
      },
      "version": "7.1.3"
    },
    "marge": {
      "options": {
        "reportDir": "cypress/reports",
        "overwrite": false,
        "html": false,
        "json": true
      },
      "version": "6.2.0"
    }
  }
}