{
  "stats": {
    "suites": 1,
    "tests": 4,
    "passes": 0,
    "pending": 0,
    "failures": 4,
    "start": "2022-12-06T01:59:44.914Z",
    "end": "2022-12-06T02:00:09.889Z",
    "duration": 24975,
    "testsRegistered": 4,
    "passPercent": 0,
    "pendingPercent": 0,
    "other": 0,
    "hasOther": false,
    "skipped": 0,
    "hasSkipped": false
  },
  "results": [
    {
      "uuid": "799eb788-d133-4500-b67d-94f58e20bea8",
      "title": "",
      "fullFile": "cypress\\e2e\\test\\login.cy.js",
      "file": "cypress\\e2e\\test\\login.cy.js",
      "beforeHooks": [],
      "afterHooks": [],
      "tests": [],
      "suites": [
        {
          "uuid": "b4e99c8f-faa3-4bf1-82b6-4d5c6d5a0eb9",
          "title": "login",
          "fullFile": "",
          "file": "",
          "beforeHooks": [],
          "afterHooks": [],
          "tests": [
            {
              "title": "Should login with valid credentials",
              "fullTitle": "login Should login with valid credentials",
              "timedOut": null,
              "duration": 6546,
              "state": "failed",
              "speed": null,
              "pass": false,
              "fail": true,
              "pending": false,
              "context": null,
              "code": "_login.default.login('Sam@gmail.com', 'Password@1');\ncy.get('.chakra-heading.css-kmq9po').should('be.visible');",
              "err": {
                "message": "AssertionError: Timed out retrying after 4000ms: Expected to find element: `[id=\"1-email\"]`, but never found it.",
                "estack": "AssertionError: Timed out retrying after 4000ms: Expected to find element: `[id=\"1-email\"]`, but never found it.\n    at login (webpack:///./cypress/e2e/page/login.page.js:11:11)\n    at Context.eval (webpack:///./cypress/e2e/test/login.cy.js:10:13)",
                "diff": null
              },
              "uuid": "9a4c26c9-3052-4959-90f8-a5f3b0823869",
              "parentUUID": "b4e99c8f-faa3-4bf1-82b6-4d5c6d5a0eb9",
              "isHook": false,
              "skipped": false
            },
            {
              "title": "Should not login with invalid password",
              "fullTitle": "login Should not login with invalid password",
              "timedOut": null,
              "duration": 6605,
              "state": "failed",
              "speed": null,
              "pass": false,
              "fail": true,
              "pending": false,
              "context": null,
              "code": "_login.default.loginIncorrectPassword('Sam@gmail.com', 'Password');\ncy.get('[class=\"auth0-global-message auth0-global-message-error\"]').should('be.visible');",
              "err": {
                "message": "AssertionError: Timed out retrying after 4000ms: Expected to find element: `[id=\"1-email\"]`, but never found it.",
                "estack": "AssertionError: Timed out retrying after 4000ms: Expected to find element: `[id=\"1-email\"]`, but never found it.\n    at login.loginIncorrectPassword (webpack:///./cypress/e2e/page/login.page.js:18:11)\n    at Context.eval (webpack:///./cypress/e2e/test/login.cy.js:16:13)",
                "diff": null
              },
              "uuid": "a96e7b65-591b-43e3-adc0-2dca11a378d4",
              "parentUUID": "b4e99c8f-faa3-4bf1-82b6-4d5c6d5a0eb9",
              "isHook": false,
              "skipped": false
            },
            {
              "title": "Should not login with invalid email",
              "fullTitle": "login Should not login with invalid email",
              "timedOut": null,
              "duration": 5589,
              "state": "failed",
              "speed": null,
              "pass": false,
              "fail": true,
              "pending": false,
              "context": null,
              "code": "_login.default.loginIncorrectEmail('Sa@gmail.com', 'Password@1');\ncy.get('[class=\"auth0-global-message auth0-global-message-error\"]').should('be.visible');",
              "err": {
                "message": "AssertionError: Timed out retrying after 4000ms: Expected to find element: `[id=\"1-email\"]`, but never found it.",
                "estack": "AssertionError: Timed out retrying after 4000ms: Expected to find element: `[id=\"1-email\"]`, but never found it.\n    at login.loginIncorrectEmail (webpack:///./cypress/e2e/page/login.page.js:25:11)\n    at Context.eval (webpack:///./cypress/e2e/test/login.cy.js:22:13)",
                "diff": null
              },
              "uuid": "550973af-0fa1-40d3-94bd-800ce578b6ee",
              "parentUUID": "b4e99c8f-faa3-4bf1-82b6-4d5c6d5a0eb9",
              "isHook": false,
              "skipped": false
            },
            {
              "title": "Should not login with invalid email and password",
              "fullTitle": "login Should not login with invalid email and password",
              "timedOut": null,
              "duration": 6077,
              "state": "failed",
              "speed": null,
              "pass": false,
              "fail": true,
              "pending": false,
              "context": null,
              "code": "_login.default.loginIncorrectEmailPassword('Sa@gmail.com', 'Password');\ncy.get('[class=\"auth0-global-message auth0-global-message-error\"]').should('be.visible');",
              "err": {
                "message": "AssertionError: Timed out retrying after 4000ms: Expected to find element: `[id=\"1-email\"]`, but never found it.",
                "estack": "AssertionError: Timed out retrying after 4000ms: Expected to find element: `[id=\"1-email\"]`, but never found it.\n    at login.loginIncorrectEmailPassword (webpack:///./cypress/e2e/page/login.page.js:32:11)\n    at Context.eval (webpack:///./cypress/e2e/test/login.cy.js:28:13)",
                "diff": null
              },
              "uuid": "5eba65d1-60fb-4251-b4af-a2e9b4b3048c",
              "parentUUID": "b4e99c8f-faa3-4bf1-82b6-4d5c6d5a0eb9",
              "isHook": false,
              "skipped": false
            }
          ],
          "suites": [],
          "passes": [],
          "failures": [
            "9a4c26c9-3052-4959-90f8-a5f3b0823869",
            "a96e7b65-591b-43e3-adc0-2dca11a378d4",
            "550973af-0fa1-40d3-94bd-800ce578b6ee",
            "5eba65d1-60fb-4251-b4af-a2e9b4b3048c"
          ],
          "pending": [],
          "skipped": [],
          "duration": 24817,
          "root": false,
          "rootEmpty": false,
          "_timeout": 2000
        }
      ],
      "passes": [],
      "failures": [],
      "pending": [],
      "skipped": [],
      "duration": 0,
      "root": true,
      "rootEmpty": true,
      "_timeout": 2000
    }
  ],
  "meta": {
    "mocha": {
      "version": "7.0.1"
    },
    "mochawesome": {
      "options": {
        "quiet": false,
        "reportFilename": "mochawesome",
        "saveHtml": false,
        "saveJson": true,
        "consoleReporter": "spec",
        "useInlineDiffs": false,
        "code": true
      },
      "version": "7.1.3"
    },
    "marge": {
      "options": {
        "reportDir": "cypress/reports",
        "overwrite": false,
        "html": false,
        "json": true
      },
      "version": "6.2.0"
    }
  }
}