{
  "stats": {
    "suites": 1,
    "tests": 1,
    "passes": 0,
    "pending": 0,
    "failures": 1,
    "start": "2022-12-05T21:16:39.960Z",
    "end": "2022-12-05T21:16:54.179Z",
    "duration": 14219,
    "testsRegistered": 1,
    "passPercent": 0,
    "pendingPercent": 0,
    "other": 0,
    "hasOther": false,
    "skipped": 0,
    "hasSkipped": false
  },
  "results": [
    {
      "uuid": "7d7596eb-b5b6-48c2-99cc-507607b0931a",
      "title": "",
      "fullFile": "cypress\\e2e\\test\\contact.cy.js",
      "file": "cypress\\e2e\\test\\contact.cy.js",
      "beforeHooks": [],
      "afterHooks": [],
      "tests": [],
      "suites": [
        {
          "uuid": "ba394ad8-170f-4019-861b-7a9420f187d0",
          "title": "Conact",
          "fullFile": "",
          "file": "",
          "beforeHooks": [],
          "afterHooks": [],
          "tests": [
            {
              "title": "Should be taken to the contact page",
              "fullTitle": "Conact Should be taken to the contact page",
              "timedOut": null,
              "duration": 14167,
              "state": "failed",
              "speed": null,
              "pass": false,
              "fail": true,
              "pending": false,
              "context": null,
              "code": "_contact.default.contact('Sam@gmail.com', 'Password@1');\ncy.get('.chakra-heading.css-z59od').should('be.visible');",
              "err": {
                "message": "AssertionError: Timed out retrying after 4000ms: Expected to find element: `#top-contact`, but never found it.",
                "estack": "AssertionError: Timed out retrying after 4000ms: Expected to find element: `#top-contact`, but never found it.\n    at contact (webpack:///./cypress/e2e/page/contact.page.js:18:11)\n    at Context.eval (webpack:///./cypress/e2e/test/contact.cy.js:10:20)",
                "diff": null
              },
              "uuid": "9b476d7b-1411-45d1-be45-f079ab06dd7f",
              "parentUUID": "ba394ad8-170f-4019-861b-7a9420f187d0",
              "isHook": false,
              "skipped": false
            }
          ],
          "suites": [],
          "passes": [],
          "failures": [
            "9b476d7b-1411-45d1-be45-f079ab06dd7f"
          ],
          "pending": [],
          "skipped": [],
          "duration": 14167,
          "root": false,
          "rootEmpty": false,
          "_timeout": 2000
        }
      ],
      "passes": [],
      "failures": [],
      "pending": [],
      "skipped": [],
      "duration": 0,
      "root": true,
      "rootEmpty": true,
      "_timeout": 2000
    }
  ],
  "meta": {
    "mocha": {
      "version": "7.0.1"
    },
    "mochawesome": {
      "options": {
        "quiet": false,
        "reportFilename": "mochawesome",
        "saveHtml": false,
        "saveJson": true,
        "consoleReporter": "spec",
        "useInlineDiffs": false,
        "code": true
      },
      "version": "7.1.3"
    },
    "marge": {
      "options": {
        "reportDir": "cypress/reports",
        "overwrite": false,
        "html": false,
        "json": true
      },
      "version": "6.2.0"
    }
  }
}