{
  "stats": {
    "suites": 1,
    "tests": 3,
    "passes": 3,
    "pending": 0,
    "failures": 0,
    "start": "2022-12-07T00:53:31.734Z",
    "end": "2022-12-07T00:53:42.516Z",
    "duration": 10782,
    "testsRegistered": 3,
    "passPercent": 100,
    "pendingPercent": 0,
    "other": 0,
    "hasOther": false,
    "skipped": 0,
    "hasSkipped": false
  },
  "results": [
    {
      "uuid": "191dbf78-ad3e-4c31-9125-a05971876ecc",
      "title": "",
      "fullFile": "cypress\\e2e\\test\\search.cy.js",
      "file": "cypress\\e2e\\test\\search.cy.js",
      "beforeHooks": [],
      "afterHooks": [],
      "tests": [],
      "suites": [
        {
          "uuid": "d3761b8c-627d-4391-bd4e-1b0ec4538101",
          "title": "Search",
          "fullFile": "",
          "file": "",
          "beforeHooks": [],
          "afterHooks": [],
          "tests": [
            {
              "title": "Should be able to search for an item",
              "fullTitle": "Search Should be able to search for an item",
              "timedOut": null,
              "duration": 5401,
              "state": "passed",
              "speed": "medium",
              "pass": true,
              "fail": false,
              "pending": false,
              "context": null,
              "code": "_search.default.search('Quality Mug');\ncy.get('[class=\"chakra-text css-1n64n71\"]').should('be.visible');",
              "err": {},
              "uuid": "5d992c69-3448-4788-9af8-0af2cd4fd67f",
              "parentUUID": "d3761b8c-627d-4391-bd4e-1b0ec4538101",
              "isHook": false,
              "skipped": false
            },
            {
              "title": "Should be able to search for items by category",
              "fullTitle": "Search Should be able to search for items by category",
              "timedOut": null,
              "duration": 2493,
              "state": "passed",
              "speed": "fast",
              "pass": true,
              "fail": false,
              "pending": false,
              "context": null,
              "code": "_search.default.search('Shirt');\ncy.get('.chakra-heading.css-1jhlc8u').should('be.visible');",
              "err": {},
              "uuid": "3dacacbd-6499-4ccf-9382-322b3b00709c",
              "parentUUID": "d3761b8c-627d-4391-bd4e-1b0ec4538101",
              "isHook": false,
              "skipped": false
            },
            {
              "title": "Should be able to reset items searched",
              "fullTitle": "Search Should be able to reset items searched",
              "timedOut": null,
              "duration": 2717,
              "state": "passed",
              "speed": "fast",
              "pass": true,
              "fail": false,
              "pending": false,
              "context": null,
              "code": "_search.default.reset('Shirt');\ncy.get('.chakra-heading.css-1jhlc8u').should('be.visible');",
              "err": {},
              "uuid": "821f6494-7154-4dfe-9eba-993ccdf9f305",
              "parentUUID": "d3761b8c-627d-4391-bd4e-1b0ec4538101",
              "isHook": false,
              "skipped": false
            }
          ],
          "suites": [],
          "passes": [
            "5d992c69-3448-4788-9af8-0af2cd4fd67f",
            "3dacacbd-6499-4ccf-9382-322b3b00709c",
            "821f6494-7154-4dfe-9eba-993ccdf9f305"
          ],
          "failures": [],
          "pending": [],
          "skipped": [],
          "duration": 10611,
          "root": false,
          "rootEmpty": false,
          "_timeout": 2000
        }
      ],
      "passes": [],
      "failures": [],
      "pending": [],
      "skipped": [],
      "duration": 0,
      "root": true,
      "rootEmpty": true,
      "_timeout": 2000
    }
  ],
  "meta": {
    "mocha": {
      "version": "7.0.1"
    },
    "mochawesome": {
      "options": {
        "quiet": false,
        "reportFilename": "mochawesome",
        "saveHtml": false,
        "saveJson": true,
        "consoleReporter": "spec",
        "useInlineDiffs": false,
        "code": true
      },
      "version": "7.1.3"
    },
    "marge": {
      "options": {
        "reportDir": "cypress/reports",
        "overwrite": false,
        "html": false,
        "json": true
      },
      "version": "6.2.0"
    }
  }
}