{
  "stats": {
    "suites": 1,
    "tests": 1,
    "passes": 0,
    "pending": 0,
    "failures": 1,
    "start": "2022-12-07T00:52:33.231Z",
    "end": "2022-12-07T00:52:43.031Z",
    "duration": 9800,
    "testsRegistered": 1,
    "passPercent": 0,
    "pendingPercent": 0,
    "other": 0,
    "hasOther": false,
    "skipped": 0,
    "hasSkipped": false
  },
  "results": [
    {
      "uuid": "196f5a29-2c58-4656-93da-fc47e7290a72",
      "title": "",
      "fullFile": "cypress\\e2e\\test\\addToCart.cy.js",
      "file": "cypress\\e2e\\test\\addToCart.cy.js",
      "beforeHooks": [],
      "afterHooks": [],
      "tests": [],
      "suites": [
        {
          "uuid": "612911fa-7aa1-420d-ab2c-2d4dead92a0b",
          "title": "Add To Cart",
          "fullFile": "",
          "file": "",
          "beforeHooks": [],
          "afterHooks": [],
          "tests": [
            {
              "title": "Should add an Item to cart",
              "fullTitle": "Add To Cart Should add an Item to cart",
              "timedOut": null,
              "duration": 9742,
              "state": "failed",
              "speed": null,
              "pass": false,
              "fail": true,
              "pending": false,
              "context": null,
              "code": "// Auth.login('Sam@gmail.com', 'Password@1')\n_addToCart.default.addToCart();\ncy.get('.snipcart-cart-summary__title.snipcart__font--subtitle').should('be.visible');",
              "err": {
                "message": "AssertionError: Timed out retrying after 4000ms: Expected to find element: `button[class=\"snipcart-button-primary snipcart-base-button is-icon-right\"]`, but never found it.",
                "estack": "AssertionError: Timed out retrying after 4000ms: Expected to find element: `button[class=\"snipcart-button-primary snipcart-base-button is-icon-right\"]`, but never found it.\n    at addToCart (webpack:///./cypress/e2e/page/addToCart.page.js:11:11)\n    at Context.eval (webpack:///./cypress/e2e/test/addToCart.cy.js:13:22)",
                "diff": null
              },
              "uuid": "eef42305-7a79-4041-a37a-8a9b9ab46443",
              "parentUUID": "612911fa-7aa1-420d-ab2c-2d4dead92a0b",
              "isHook": false,
              "skipped": false
            }
          ],
          "suites": [],
          "passes": [],
          "failures": [
            "eef42305-7a79-4041-a37a-8a9b9ab46443"
          ],
          "pending": [],
          "skipped": [],
          "duration": 9742,
          "root": false,
          "rootEmpty": false,
          "_timeout": 2000
        }
      ],
      "passes": [],
      "failures": [],
      "pending": [],
      "skipped": [],
      "duration": 0,
      "root": true,
      "rootEmpty": true,
      "_timeout": 2000
    }
  ],
  "meta": {
    "mocha": {
      "version": "7.0.1"
    },
    "mochawesome": {
      "options": {
        "quiet": false,
        "reportFilename": "mochawesome",
        "saveHtml": false,
        "saveJson": true,
        "consoleReporter": "spec",
        "useInlineDiffs": false,
        "code": true
      },
      "version": "7.1.3"
    },
    "marge": {
      "options": {
        "reportDir": "cypress/reports",
        "overwrite": false,
        "html": false,
        "json": true
      },
      "version": "6.2.0"
    }
  }
}