{
  "stats": {
    "suites": 1,
    "tests": 1,
    "passes": 0,
    "pending": 4,
    "failures": -3,
    "start": "2022-12-03T18:31:04.319Z",
    "end": "2022-12-03T18:31:04.356Z",
    "duration": 37,
    "testsRegistered": 4,
    "passPercent": null,
    "pendingPercent": 100,
    "other": 3,
    "hasOther": true,
    "skipped": 4,
    "hasSkipped": true
  },
  "results": [
    {
      "uuid": "ae2644e0-3009-43a8-8b7d-9ffde4629797",
      "title": "",
      "fullFile": "cypress\\e2e\\test\\login.cy.js",
      "file": "cypress\\e2e\\test\\login.cy.js",
      "beforeHooks": [],
      "afterHooks": [],
      "tests": [],
      "suites": [
        {
          "uuid": "54d4b4da-5b70-4c22-9e39-c721bc3285aa",
          "title": "login",
          "fullFile": "",
          "file": "",
          "beforeHooks": [],
          "afterHooks": [],
          "tests": [
            {
              "title": "Should login with valid credentials",
              "fullTitle": "login Should login with valid credentials",
              "timedOut": null,
              "duration": 0,
              "state": "pending",
              "speed": null,
              "pass": false,
              "fail": false,
              "pending": false,
              "context": null,
              "code": "_login.default.login('Sam@gmail.com', 'Password@1');\ncy.get('.chakra-heading.css-kmq9po').should('be.visible');",
              "err": {},
              "uuid": "db8b7465-2a6c-4fdb-9314-abf7f011fae9",
              "parentUUID": "54d4b4da-5b70-4c22-9e39-c721bc3285aa",
              "isHook": false,
              "skipped": true
            },
            {
              "title": "Should not login with invalid password",
              "fullTitle": "login Should not login with invalid password",
              "timedOut": null,
              "duration": 0,
              "state": "pending",
              "speed": null,
              "pass": false,
              "fail": false,
              "pending": false,
              "context": null,
              "code": "_login.default.loginIncorrectPassword('Sam@gmail.com', 'Password');\ncy.get('[class=\"auth0-global-message auth0-global-message-error\"]').should('be.visible');",
              "err": {},
              "uuid": "24d5dff5-f14a-481c-b486-7350cd3ac831",
              "parentUUID": "54d4b4da-5b70-4c22-9e39-c721bc3285aa",
              "isHook": false,
              "skipped": true
            },
            {
              "title": "Should not login with invalid email",
              "fullTitle": "login Should not login with invalid email",
              "timedOut": null,
              "duration": 0,
              "state": "pending",
              "speed": null,
              "pass": false,
              "fail": false,
              "pending": false,
              "context": null,
              "code": "_login.default.loginIncorrectEmail('Sa@gmail.com', 'Password@1');\ncy.get('[class=\"auth0-global-message auth0-global-message-error\"]').should('be.visible');",
              "err": {},
              "uuid": "da69624e-30eb-4608-baea-87b7d70642cf",
              "parentUUID": "54d4b4da-5b70-4c22-9e39-c721bc3285aa",
              "isHook": false,
              "skipped": true
            },
            {
              "title": "Should not login with invalid email and password",
              "fullTitle": "login Should not login with invalid email and password",
              "timedOut": null,
              "duration": 0,
              "state": "pending",
              "speed": null,
              "pass": false,
              "fail": false,
              "pending": false,
              "context": null,
              "code": "_login.default.loginIncorrectEmailPassword('Sa@gmail.com', 'Password');\ncy.get('[class=\"auth0-global-message auth0-global-message-error\"]').should('be.visible');",
              "err": {},
              "uuid": "e6099b2a-23e5-4594-917c-a4580d2deddd",
              "parentUUID": "54d4b4da-5b70-4c22-9e39-c721bc3285aa",
              "isHook": false,
              "skipped": true
            }
          ],
          "suites": [],
          "passes": [],
          "failures": [],
          "pending": [],
          "skipped": [
            "db8b7465-2a6c-4fdb-9314-abf7f011fae9",
            "24d5dff5-f14a-481c-b486-7350cd3ac831",
            "da69624e-30eb-4608-baea-87b7d70642cf",
            "e6099b2a-23e5-4594-917c-a4580d2deddd"
          ],
          "duration": 0,
          "root": false,
          "rootEmpty": false,
          "_timeout": 2000
        }
      ],
      "passes": [],
      "failures": [],
      "pending": [],
      "skipped": [],
      "duration": 0,
      "root": true,
      "rootEmpty": true,
      "_timeout": 2000
    }
  ],
  "meta": {
    "mocha": {
      "version": "7.0.1"
    },
    "mochawesome": {
      "options": {
        "quiet": false,
        "reportFilename": "mochawesome",
        "saveHtml": false,
        "saveJson": true,
        "consoleReporter": "spec",
        "useInlineDiffs": false,
        "code": true
      },
      "version": "7.1.3"
    },
    "marge": {
      "options": {
        "reportDir": "cypress/reports",
        "overwrite": false,
        "html": false,
        "json": true
      },
      "version": "6.2.0"
    }
  }
}